#
# A fatal error has been detected by the Java Runtime Environment:
#
#  EXCEPTION_ACCESS_VIOLATION (0xc0000005) at pc=0x00000000, pid=12900, tid=11856
#
# JRE version: Java(TM) SE Runtime Environment (8.0_05-b13) (build 1.8.0_05-b13)
# Java VM: Java HotSpot(TM) Server VM (25.5-b02 mixed mode windows-x86 )
# Problematic frame:
# C  0x00000000
#
# Failed to write core dump. Minidumps are not enabled by default on client versions of Windows
#
# If you would like to submit a bug report, please visit:
#   http://bugreport.sun.com/bugreport/crash.jsp
# The crash happened outside the Java Virtual Machine in native code.
# See problematic frame for where to report the bug.
#

---------------  T H R E A D  ---------------

Current thread (0x025cc400):  JavaThread "main" [_thread_in_native, id=11856, stack(0x000a0000,0x001a0000)]

siginfo: ExceptionCode=0xc0000005, reading address 0x00000000

Registers:
EAX=0x0019f490, EBX=0x35cef8d8, ECX=0x00000007, EDX=0x00000000
ESP=0x0019f3f4, EBP=0x0019f518, ESI=0x0019f568, EDI=0x025cc530
EIP=0x00000000, EFLAGS=0x00010246

Top of Stack: (sp=0x0019f3f4)
0x0019f3f4:   535d58a8 3668e938 0019f490 025cc400
0x0019f404:   33a13338 33a13338 00000000 026c8ed8
0x0019f414:   02722900 02010000 0019f568 00000000
0x0019f424:   00000007 00000000 00000000 00000000
0x0019f434:   00000000 3668e938 026c8ed4 00716968
0x0019f444:   00000000 00000000 025cc530 35cef8d8
0x0019f454:   00000007 026c8ed0 025cc400 00000000
0x0019f464:   025cc668 00000000 00000000 00000000 

Instructions: (pc=0x00000000)
0xffffffe0:   


Register to memory mapping:

EAX=0x0019f490 is pointing into the stack for thread: 0x025cc400
EBX=0x35cef8d8 is an unknown value
ECX=0x00000007 is an unknown value
EDX=0x00000000 is an unknown value
ESP=0x0019f3f4 is pointing into the stack for thread: 0x025cc400
EBP=0x0019f518 is pointing into the stack for thread: 0x025cc400
ESI=0x0019f568 is pointing into the stack for thread: 0x025cc400
EDI=0x025cc530 is an unknown value


Stack: [0x000a0000,0x001a0000],  sp=0x0019f3f4,  free space=1020k
Java frames: (J=compiled Java code, j=interpreted, Vv=VM code)
j  net.gtaun.shoebill.SampNativeFunction.callFunction(II[Ljava/lang/Object;)Ljava/lang/Object;+0
j  net.gtaun.shoebill.amx.AmxCallableImpl.call([Ljava/lang/Object;)Ljava/lang/Object;+72
j  lt.ltrp.LtrpGamemode.onEnable()V+130
j  net.gtaun.shoebill.resource.Resource.enable()V+14
j  net.gtaun.shoebill.resource.ResourceManagerImpl.loadGamemode()V+125
j  net.gtaun.shoebill.resource.ResourceManagerImpl.loadAllResource()V+19
j  net.gtaun.shoebill.ShoebillImpl.loadPluginsAndGamemode()V+4
j  net.gtaun.shoebill.ShoebillImpl.access$200(Lnet/gtaun/shoebill/ShoebillImpl;)V+1
j  net.gtaun.shoebill.ShoebillImpl$1.onAmxLoad(I)V+25
j  net.gtaun.shoebill.samp.SampCallbackManagerImpl$1.lambda$null$79(Lnet/gtaun/shoebill/samp/SampCallbackHandler;I)V+2
j  net.gtaun.shoebill.samp.SampCallbackManagerImpl$1$$Lambda$30.call()V+8
j  net.gtaun.shoebill.util.TryUtils.tryTo(Lnet/gtaun/shoebill/util/TryUtils$ThrowableFunction;Ljava/util/function/Consumer;)V+1
j  net.gtaun.shoebill.util.TryUtils.tryTo(Lnet/gtaun/shoebill/util/TryUtils$ThrowableFunction;)V+6
j  net.gtaun.shoebill.samp.SampCallbackManagerImpl$1.lambda$onAmxLoad$80(ILnet/gtaun/shoebill/samp/SampCallbackHandler;)V+7
j  net.gtaun.shoebill.samp.SampCallbackManagerImpl$1$$Lambda$29.accept(Ljava/lang/Object;)V+8
j  java.util.stream.ForEachOps$ForEachOp$OfRef.accept(Ljava/lang/Object;)V+5
j  java.util.stream.ReferencePipeline$2$1.accept(Ljava/lang/Object;)V+21
j  java.util.concurrent.ConcurrentLinkedQueue$CLQSpliterator.forEachRemaining(Ljava/util/function/Consumer;)V+76
j  java.util.stream.AbstractPipeline.copyInto(Ljava/util/stream/Sink;Ljava/util/Spliterator;)V+32
j  java.util.stream.AbstractPipeline.wrapAndCopyInto(Ljava/util/stream/Sink;Ljava/util/Spliterator;)Ljava/util/stream/Sink;+13
j  java.util.stream.ForEachOps$ForEachOp.evaluateSequential(Ljava/util/stream/PipelineHelper;Ljava/util/Spliterator;)Ljava/lang/Void;+3
j  java.util.stream.ForEachOps$ForEachOp$OfRef.evaluateSequential(Ljava/util/stream/PipelineHelper;Ljava/util/Spliterator;)Ljava/lang/Object;+3
j  java.util.stream.AbstractPipeline.evaluate(Ljava/util/stream/TerminalOp;)Ljava/lang/Object;+88
j  java.util.stream.ReferencePipeline.forEach(Ljava/util/function/Consumer;)V+6
j  net.gtaun.shoebill.samp.SampCallbackManagerImpl$1.onAmxLoad(I)V+28
v  ~StubRoutines::call_stub

---------------  P R O C E S S  ---------------

Java Threads: ( => current thread )
  0x33ecc800 JavaThread "Service Thread" daemon [_thread_blocked, id=13448, stack(0x34de0000,0x34ee0000)]
  0x33e75c00 JavaThread "C1 CompilerThread3" daemon [_thread_blocked, id=3268, stack(0x34ca0000,0x34da0000)]
  0x33e57400 JavaThread "C2 CompilerThread2" daemon [_thread_blocked, id=10472, stack(0x34b40000,0x34c40000)]
  0x33e51c00 JavaThread "C2 CompilerThread1" daemon [_thread_blocked, id=9916, stack(0x34a00000,0x34b00000)]
  0x33e61000 JavaThread "C2 CompilerThread0" daemon [_thread_blocked, id=13516, stack(0x348c0000,0x349c0000)]
  0x33e5fc00 JavaThread "Attach Listener" daemon [_thread_blocked, id=13676, stack(0x34780000,0x34880000)]
  0x33e5d000 JavaThread "Signal Dispatcher" daemon [_thread_blocked, id=13480, stack(0x34640000,0x34740000)]
  0x33e19800 JavaThread "Finalizer" daemon [_thread_blocked, id=12420, stack(0x344e0000,0x345e0000)]
  0x33e31800 JavaThread "Reference Handler" daemon [_thread_blocked, id=4160, stack(0x343a0000,0x344a0000)]
=>0x025cc400 JavaThread "main" [_thread_in_native, id=11856, stack(0x000a0000,0x001a0000)]

Other Threads:
  0x33e30c00 VMThread [stack: 0x34260000,0x34360000] [id=13748]
  0x33ed7000 WatcherThread [stack: 0x34f20000,0x35020000] [id=5648]

VM state:not at safepoint (normal execution)

VM Mutex/Monitor currently owned by a thread: None

Heap:
 PSYoungGen      total 12288K, used 2975K [0x27180000, 0x28880000, 0x31c00000)
  eden space 8448K, 6% used [0x27180000,0x27205548,0x279c0000)
  from space 3840K, 63% used [0x27d40000,0x27fa2838,0x28100000)
  to   space 3584K, 0% used [0x279c0000,0x279c0000,0x27d40000)
 ParOldGen       total 22016K, used 7936K [0x11c00000, 0x13180000, 0x27180000)
  object space 22016K, 36% used [0x11c00000,0x123c0270,0x13180000)
 Metaspace       used 12932K, capacity 13207K, committed 13312K, reserved 13696K

Card table byte_map: [0x11a90000,0x11ba0000] byte_map_base: 0x11a02000

Marking Bits: (ParMarkBitMap*) 0x52303e30
 Begin Bits: [0x325c0000, 0x32dc0000)
 End Bits:   [0x32dc0000, 0x335c0000)

Polling page: 0x02180000

CodeCache: size=245760Kb used=5224Kb max_used=5238Kb free=240535Kb
 bounds [0x026d0000, 0x02bf0000, 0x116d0000]
 total_blobs=2340 nmethods=2056 adapters=198
 compilation: enabled

Compilation events (10 events):
Event: 11.989 Thread 0x33e75c00 2053       3       jdk.internal.org.objectweb.asm.MethodWriter::visitInsn (106 bytes)
Event: 11.989 Thread 0x33e75c00 nmethod 2053 0x02be8348 code [0x02be84a0, 0x02be87e4]
Event: 11.989 Thread 0x33e75c00 2054       1       sun.nio.cs.SingleByte$Decoder::decode (11 bytes)
Event: 11.989 Thread 0x33e75c00 nmethod 2054 0x02be80c8 code [0x02be81c0, 0x02be8280]
Event: 11.989 Thread 0x33e75c00 2055       3       java.util.Calendar::setFieldsComputed (117 bytes)
Event: 11.990 Thread 0x33e75c00 nmethod 2055 0x02be78c8 code [0x02be7a20, 0x02be7d80]
Event: 11.990 Thread 0x33e75c00 2056       3       java.util.Calendar::complete (40 bytes)
Event: 11.990 Thread 0x33e75c00 nmethod 2056 0x02bea708 code [0x02bea840, 0x02beaaf8]
Event: 11.990 Thread 0x33e75c00 2057       3       java.lang.invoke.LambdaForm::parameterType (32 bytes)
Event: 11.990 Thread 0x33e75c00 nmethod 2057 0x02be75c8 code [0x02be76e0, 0x02be77e0]

GC Heap History (10 events):
Event: 8.717 GC heap before
{Heap before GC invocations=4 (full 0):
 PSYoungGen      total 9472K, used 9464K [0x27180000, 0x27c00000, 0x31c00000)
  eden space 8192K, 100% used [0x27180000,0x27980000,0x27980000)
  from space 1280K, 99% used [0x27980000,0x27abe0b0,0x27ac0000)
  to   space 1280K, 0% used [0x27ac0000,0x27ac0000,0x27c00000)
 ParOldGen       total 22016K, used 4548K [0x11c00000, 0x13180000, 0x27180000)
  object space 22016K, 20% used [0x11c00000,0x12071110,0x13180000)
 Metaspace       used 8821K, capacity 8959K, committed 9088K, reserved 9600K
Event: 8.719 GC heap after
Heap after GC invocations=4 (full 0):
 PSYoungGen      total 9472K, used 1273K [0x27180000, 0x27c00000, 0x31c00000)
  eden space 8192K, 0% used [0x27180000,0x27180000,0x27980000)
  from space 1280K, 99% used [0x27ac0000,0x27bfe480,0x27c00000)
  to   space 1280K, 0% used [0x27980000,0x27980000,0x27ac0000)
 ParOldGen       total 22016K, used 6423K [0x11c00000, 0x13180000, 0x27180000)
  object space 22016K, 29% used [0x11c00000,0x12245fa0,0x13180000)
 Metaspace       used 8821K, capacity 8959K, committed 9088K, reserved 9600K
}
Event: 10.684 GC heap before
{Heap before GC invocations=5 (full 0):
 PSYoungGen      total 9472K, used 9465K [0x27180000, 0x27c00000, 0x31c00000)
  eden space 8192K, 100% used [0x27180000,0x27980000,0x27980000)
  from space 1280K, 99% used [0x27ac0000,0x27bfe480,0x27c00000)
  to   space 1280K, 0% used [0x27980000,0x27980000,0x27ac0000)
 ParOldGen       total 22016K, used 6423K [0x11c00000, 0x13180000, 0x27180000)
  object space 22016K, 29% used [0x11c00000,0x12245fa0,0x13180000)
 Metaspace       used 8960K, capacity 9134K, committed 9216K, reserved 9600K
Event: 10.687 GC heap after
Heap after GC invocations=5 (full 0):
 PSYoungGen      total 9472K, used 1265K [0x27180000, 0x28100000, 0x31c00000)
  eden space 8192K, 0% used [0x27180000,0x27180000,0x27980000)
  from space 1280K, 98% used [0x27980000,0x27abc500,0x27ac0000)
  to   space 3840K, 0% used [0x27d40000,0x27d40000,0x28100000)
 ParOldGen       total 22016K, used 6722K [0x11c00000, 0x13180000, 0x27180000)
  object space 22016K, 30% used [0x11c00000,0x12290a00,0x13180000)
 Metaspace       used 8960K, capacity 9134K, committed 9216K, reserved 9600K
}
Event: 11.469 GC heap before
{Heap before GC invocations=6 (full 0):
 PSYoungGen      total 9472K, used 9457K [0x27180000, 0x28100000, 0x31c00000)
  eden space 8192K, 100% used [0x27180000,0x27980000,0x27980000)
  from space 1280K, 98% used [0x27980000,0x27abc500,0x27ac0000)
  to   space 3840K, 0% used [0x27d40000,0x27d40000,0x28100000)
 ParOldGen       total 22016K, used 6722K [0x11c00000, 0x13180000, 0x27180000)
  object space 22016K, 30% used [0x11c00000,0x12290a00,0x13180000)
 Metaspace       used 10206K, capacity 10426K, committed 10496K, reserved 10624K
Event: 11.471 GC heap after
Heap after GC invocations=6 (full 0):
 PSYoungGen      total 12032K, used 2067K [0x27180000, 0x28100000, 0x31c00000)
  eden space 8192K, 0% used [0x27180000,0x27180000,0x27980000)
  from space 3840K, 53% used [0x27d40000,0x27f44ee0,0x28100000)
  to   space 3840K, 0% used [0x27980000,0x27980000,0x27d40000)
 ParOldGen       total 22016K, used 6790K [0x11c00000, 0x13180000, 0x27180000)
  object space 22016K, 30% used [0x11c00000,0x122a1a10,0x13180000)
 Metaspace       used 10206K, capacity 10426K, committed 10496K, reserved 10624K
}
Event: 11.622 GC heap before
{Heap before GC invocations=7 (full 0):
 PSYoungGen      total 12032K, used 10259K [0x27180000, 0x28100000, 0x31c00000)
  eden space 8192K, 100% used [0x27180000,0x27980000,0x27980000)
  from space 3840K, 53% used [0x27d40000,0x27f44ee0,0x28100000)
  to   space 3840K, 0% used [0x27980000,0x27980000,0x27d40000)
 ParOldGen       total 22016K, used 6790K [0x11c00000, 0x13180000, 0x27180000)
  object space 22016K, 30% used [0x11c00000,0x122a1a10,0x13180000)
 Metaspace       used 11502K, capacity 11742K, committed 11776K, reserved 12672K
Event: 11.626 GC heap after
Heap after GC invocations=7 (full 0):
 PSYoungGen      total 12032K, used 2751K [0x27180000, 0x28100000, 0x31c00000)
  eden space 8192K, 0% used [0x27180000,0x27180000,0x27980000)
  from space 3840K, 71% used [0x27980000,0x27c2fdb0,0x27d40000)
  to   space 3840K, 0% used [0x27d40000,0x27d40000,0x28100000)
 ParOldGen       total 22016K, used 7302K [0x11c00000, 0x13180000, 0x27180000)
  object space 22016K, 33% used [0x11c00000,0x12321a20,0x13180000)
 Metaspace       used 11502K, capacity 11742K, committed 11776K, reserved 12672K
}
Event: 11.973 GC heap before
{Heap before GC invocations=8 (full 0):
 PSYoungGen      total 12032K, used 10943K [0x27180000, 0x28100000, 0x31c00000)
  eden space 8192K, 100% used [0x27180000,0x27980000,0x27980000)
  from space 3840K, 71% used [0x27980000,0x27c2fdb0,0x27d40000)
  to   space 3840K, 0% used [0x27d40000,0x27d40000,0x28100000)
 ParOldGen       total 22016K, used 7302K [0x11c00000, 0x13180000, 0x27180000)
  object space 22016K, 33% used [0x11c00000,0x12321a20,0x13180000)
 Metaspace       used 12889K, capacity 13153K, committed 13184K, reserved 13696K
Event: 11.980 GC heap after
Heap after GC invocations=8 (full 0):
 PSYoungGen      total 12288K, used 2442K [0x27180000, 0x28880000, 0x31c00000)
  eden space 8448K, 0% used [0x27180000,0x27180000,0x279c0000)
  from space 3840K, 63% used [0x27d40000,0x27fa2838,0x28100000)
  to   space 3584K, 0% used [0x279c0000,0x279c0000,0x27d40000)
 ParOldGen       total 22016K, used 7936K [0x11c00000, 0x13180000, 0x27180000)
  object space 22016K, 36% used [0x11c00000,0x123c0270,0x13180000)
 Metaspace       used 12889K, capacity 13153K, committed 13184K, reserved 13696K
}

Deoptimization events (10 events):
Event: 11.572 Thread 0x025cc400 Uncommon trap: reason=bimorphic action=maybe_recompile pc=0x02ac4080 method=java.util.regex.Pattern$CharProperty.match(Ljava/util/regex/Matcher;ILjava/lang/CharSequence;)Z @ 37
Event: 11.572 Thread 0x025cc400 Uncommon trap: reason=bimorphic action=maybe_recompile pc=0x02ac4080 method=java.util.regex.Pattern$CharProperty.match(Ljava/util/regex/Matcher;ILjava/lang/CharSequence;)Z @ 37
Event: 11.572 Thread 0x025cc400 Uncommon trap: reason=bimorphic action=maybe_recompile pc=0x02ac4080 method=java.util.regex.Pattern$CharProperty.match(Ljava/util/regex/Matcher;ILjava/lang/CharSequence;)Z @ 37
Event: 11.586 Thread 0x025cc400 Uncommon trap: reason=bimorphic action=maybe_recompile pc=0x02a4e21c method=java.util.concurrent.ConcurrentHashMap.get(Ljava/lang/Object;)Ljava/lang/Object; @ 149
Event: 11.587 Thread 0x025cc400 Uncommon trap: reason=bimorphic action=maybe_recompile pc=0x02a4e21c method=java.util.concurrent.ConcurrentHashMap.get(Ljava/lang/Object;)Ljava/lang/Object; @ 149
Event: 11.588 Thread 0x025cc400 Uncommon trap: reason=bimorphic action=maybe_recompile pc=0x02a4e21c method=java.util.concurrent.ConcurrentHashMap.get(Ljava/lang/Object;)Ljava/lang/Object; @ 149
Event: 11.590 Thread 0x025cc400 Uncommon trap: reason=bimorphic action=maybe_recompile pc=0x02a4e21c method=java.util.concurrent.ConcurrentHashMap.get(Ljava/lang/Object;)Ljava/lang/Object; @ 149
Event: 11.881 Thread 0x025cc400 Uncommon trap: reason=class_check action=maybe_recompile pc=0x02b83b50 method=java.util.Hashtable.put(Ljava/lang/Object;Ljava/lang/Object;)Ljava/lang/Object; @ 60
Event: 11.922 Thread 0x025cc400 Uncommon trap: reason=unreached action=reinterpret pc=0x029d6f14 method=java.lang.reflect.Method.equals(Ljava/lang/Object;)Z @ 49
Event: 11.959 Thread 0x025cc400 Uncommon trap: reason=unreached action=reinterpret pc=0x028bc300 method=java.lang.AbstractStringBuilder.append(Ljava/lang/String;)Ljava/lang/AbstractStringBuilder; @ 1

Internal exceptions (10 events):
Event: 11.987 Thread 0x025cc400 Exception <a 'java/security/PrivilegedActionException'> (0x271d23f0) thrown at [D:\re\workspace\8-2-build-windows-i586-cygwin\jdk8u5\2488\hotspot\src\share\vm\prims\jvm.cpp, line 1248]
Event: 11.987 Thread 0x025cc400 Exception <a 'java/security/PrivilegedActionException'> (0x271d2b00) thrown at [D:\re\workspace\8-2-build-windows-i586-cygwin\jdk8u5\2488\hotspot\src\share\vm\prims\jvm.cpp, line 1248]
Event: 11.989 Thread 0x025cc400 Exception <a 'java/security/PrivilegedActionException'> (0x271e1ea0) thrown at [D:\re\workspace\8-2-build-windows-i586-cygwin\jdk8u5\2488\hotspot\src\share\vm\prims\jvm.cpp, line 1248]
Event: 11.989 Thread 0x025cc400 Exception <a 'java/security/PrivilegedActionException'> (0x271e2380) thrown at [D:\re\workspace\8-2-build-windows-i586-cygwin\jdk8u5\2488\hotspot\src\share\vm\prims\jvm.cpp, line 1248]
Event: 11.990 Thread 0x025cc400 Exception <a 'java/security/PrivilegedActionException'> (0x271ef510) thrown at [D:\re\workspace\8-2-build-windows-i586-cygwin\jdk8u5\2488\hotspot\src\share\vm\prims\jvm.cpp, line 1248]
Event: 11.990 Thread 0x025cc400 Exception <a 'java/security/PrivilegedActionException'> (0x271ef9f0) thrown at [D:\re\workspace\8-2-build-windows-i586-cygwin\jdk8u5\2488\hotspot\src\share\vm\prims\jvm.cpp, line 1248]
Event: 11.991 Thread 0x025cc400 Exception <a 'java/security/PrivilegedActionException'> (0x271f2848) thrown at [D:\re\workspace\8-2-build-windows-i586-cygwin\jdk8u5\2488\hotspot\src\share\vm\prims\jvm.cpp, line 1248]
Event: 11.991 Thread 0x025cc400 Exception <a 'java/security/PrivilegedActionException'> (0x271f30e8) thrown at [D:\re\workspace\8-2-build-windows-i586-cygwin\jdk8u5\2488\hotspot\src\share\vm\prims\jvm.cpp, line 1248]
Event: 11.991 Thread 0x025cc400 Exception <a 'java/security/PrivilegedActionException'> (0x271f6b10) thrown at [D:\re\workspace\8-2-build-windows-i586-cygwin\jdk8u5\2488\hotspot\src\share\vm\prims\jvm.cpp, line 1248]
Event: 11.991 Thread 0x025cc400 Exception <a 'java/security/PrivilegedActionException'> (0x271f73b0) thrown at [D:\re\workspace\8-2-build-windows-i586-cygwin\jdk8u5\2488\hotspot\src\share\vm\prims\jvm.cpp, line 1248]

Events (10 events):
Event: 11.990 loading class lt/ltrp/event/player/PlayerSpawnSetUpEvent
Event: 11.990 loading class lt/ltrp/event/player/PlayerSpawnSetUpEvent done
Event: 11.990 loading class net/gtaun/util/event/EventHandler
Event: 11.990 loading class net/gtaun/util/event/EventHandler done
Event: 11.990 loading class lt/ltrp/Util/PawnFunc
Event: 11.990 loading class lt/ltrp/Util/PawnFunc done
Event: 11.991 loading class net/gtaun/shoebill/amx/AmxCallableImpl
Event: 11.991 loading class net/gtaun/shoebill/amx/AmxCallableImpl done
Event: 11.991 loading class net/gtaun/shoebill/amx/AmxCallableType
Event: 11.991 loading class net/gtaun/shoebill/amx/AmxCallableType done


Dynamic libraries:
0x00400000 - 0x00519000 	F:\AAAA\LTRP\samp-server.exe
0x76ed0000 - 0x77049000 	C:\WINDOWS\SYSTEM32\ntdll.dll
0x76520000 - 0x76610000 	C:\WINDOWS\SYSTEM32\KERNEL32.DLL
0x76b80000 - 0x76cf6000 	C:\WINDOWS\SYSTEM32\KERNELBASE.dll
0x748f0000 - 0x75cae000 	C:\WINDOWS\SYSTEM32\SHELL32.dll
0x76d00000 - 0x76dbe000 	C:\WINDOWS\SYSTEM32\msvcrt.dll
0x742d0000 - 0x747ac000 	C:\WINDOWS\SYSTEM32\windows.storage.dll
0x762e0000 - 0x7649a000 	C:\WINDOWS\SYSTEM32\combase.dll
0x76780000 - 0x7682c000 	C:\WINDOWS\SYSTEM32\RPCRT4.dll
0x73fc0000 - 0x73fde000 	C:\WINDOWS\SYSTEM32\SspiCli.dll
0x73fb0000 - 0x73fba000 	C:\WINDOWS\SYSTEM32\CRYPTBASE.dll
0x73f50000 - 0x73fa9000 	C:\WINDOWS\SYSTEM32\bcryptPrimitives.dll
0x768e0000 - 0x76923000 	C:\WINDOWS\SYSTEM32\sechost.dll
0x76170000 - 0x761eb000 	C:\WINDOWS\SYSTEM32\advapi32.dll
0x764d0000 - 0x76514000 	C:\WINDOWS\SYSTEM32\shlwapi.dll
0x75f30000 - 0x7607d000 	C:\WINDOWS\SYSTEM32\GDI32.dll
0x747b0000 - 0x748f0000 	C:\WINDOWS\SYSTEM32\USER32.dll
0x76ec0000 - 0x76ecc000 	C:\WINDOWS\SYSTEM32\kernel.appcore.dll
0x75cc0000 - 0x75d4d000 	C:\WINDOWS\SYSTEM32\shcore.dll
0x76830000 - 0x76874000 	C:\WINDOWS\SYSTEM32\powrprof.dll
0x764c0000 - 0x764cf000 	C:\WINDOWS\SYSTEM32\profapi.dll
0x54a90000 - 0x54a98000 	C:\WINDOWS\SYSTEM32\WSOCK32.dll
0x70090000 - 0x700b4000 	C:\WINDOWS\SYSTEM32\WINMM.dll
0x76940000 - 0x7699c000 	C:\WINDOWS\SYSTEM32\WS2_32.dll
0x73fe0000 - 0x73fe7000 	C:\WINDOWS\SYSTEM32\NSI.dll
0x6fc40000 - 0x6fc63000 	C:\WINDOWS\SYSTEM32\WINMMBASE.dll
0x76aa0000 - 0x76ad6000 	C:\WINDOWS\SYSTEM32\cfgmgr32.dll
0x73e80000 - 0x73ea1000 	C:\WINDOWS\SYSTEM32\DEVOBJ.dll
0x761f0000 - 0x7621b000 	C:\WINDOWS\SYSTEM32\IMM32.DLL
0x73ff0000 - 0x74110000 	C:\WINDOWS\SYSTEM32\MSCTF.dll
0x535d0000 - 0x53632000 	F:\AAAA\LTRP\plugins\Shoebill.DLL
0x58660000 - 0x5874e000 	C:\WINDOWS\SYSTEM32\MSVCR120.dll
0x585e0000 - 0x58651000 	C:\WINDOWS\SYSTEM32\MSVCP120.dll
0x51da0000 - 0x5236f000 	C:\Program Files (x86)\Java\jdk1.8.0_05\jre\bin\server\jvm.dll
0x742c0000 - 0x742c6000 	C:\WINDOWS\SYSTEM32\PSAPI.DLL
0x56960000 - 0x56a1f000 	C:\WINDOWS\SYSTEM32\MSVCR100.dll
0x54a70000 - 0x54a7c000 	C:\Program Files (x86)\Java\jdk1.8.0_05\jre\bin\verify.dll
0x54440000 - 0x54461000 	C:\Program Files (x86)\Java\jdk1.8.0_05\jre\bin\java.dll
0x54350000 - 0x54363000 	C:\Program Files (x86)\Java\jdk1.8.0_05\jre\bin\zip.dll
0x6cd60000 - 0x6cdf1000 	C:\WINDOWS\system32\apphelp.dll
0x54330000 - 0x54344000 	C:\Program Files (x86)\Java\jdk1.8.0_05\jre\bin\net.dll
0x734e0000 - 0x7352e000 	C:\WINDOWS\system32\mswsock.dll
0x535c0000 - 0x535cf000 	C:\Program Files (x86)\Java\jdk1.8.0_05\jre\bin\nio.dll
0x535a0000 - 0x535c0000 	C:\Program Files (x86)\Java\jdk1.8.0_05\jre\bin\sunec.dll
0x734c0000 - 0x734d3000 	C:\WINDOWS\SYSTEM32\CRYPTSP.dll
0x73eb0000 - 0x73ecb000 	C:\WINDOWS\SYSTEM32\bcrypt.dll
0x73490000 - 0x734bf000 	C:\WINDOWS\system32\rsaenh.dll
0x70110000 - 0x70129000 	C:\WINDOWS\SYSTEM32\USERENV.dll
0x72e40000 - 0x72e70000 	C:\WINDOWS\SYSTEM32\IPHLPAPI.DLL
0x72e30000 - 0x72e38000 	C:\WINDOWS\SYSTEM32\WINNSI.DLL
0x72e10000 - 0x72e23000 	C:\WINDOWS\SYSTEM32\dhcpcsvc6.DLL
0x72df0000 - 0x72e04000 	C:\WINDOWS\SYSTEM32\dhcpcsvc.DLL
0x6ced0000 - 0x6cf54000 	C:\WINDOWS\SYSTEM32\DNSAPI.dll
0x6cec0000 - 0x6cec8000 	C:\Windows\System32\rasadhlp.dll
0x70e30000 - 0x70e76000 	C:\WINDOWS\System32\fwpuclnt.dll
0x6cc50000 - 0x6cc63000 	C:\WINDOWS\system32\NLAapi.dll
0x6cc30000 - 0x6cc42000 	C:\WINDOWS\system32\napinsp.dll
0x6c020000 - 0x6c036000 	C:\WINDOWS\system32\pnrpnsp.dll
0x6cc20000 - 0x6cc2b000 	C:\WINDOWS\System32\winrnr.dll
0x53550000 - 0x53594000 	F:\AAAA\LTRP\plugins\streamer.DLL
0x35420000 - 0x3542d000 	F:\AAAA\LTRP\plugins\sscanf.DLL
0x53510000 - 0x5354e000 	F:\AAAA\LTRP\plugins\mysql.DLL
0x363a0000 - 0x365de000 	F:\AAAA\LTRP\libmysql.dll
0x35460000 - 0x35470000 	F:\AAAA\LTRP\plugins\MapAndreas.DLL
0x35470000 - 0x3547c000 	F:\AAAA\LTRP\plugins\Whirlpool.DLL
0x69980000 - 0x69a1b000 	C:\WINDOWS\WinSxS\x86_microsoft.vc80.crt_1fc8b3b9a1e18e3b_8.0.50727.9185_none_d0905a48442809b8\MSVCR80.dll
0x534c0000 - 0x5350f000 	F:\AAAA\LTRP\plugins\audio.DLL
0x53450000 - 0x534b9000 	C:\WINDOWS\SYSTEM32\MSVCP100.dll
0x53440000 - 0x5344b000 	F:\AAAA\LTRP\plugins\FileManager.DLL
0x72a80000 - 0x72b05000 	C:\WINDOWS\SYSTEM32\MSVCP110.dll
0x72d10000 - 0x72de6000 	C:\WINDOWS\SYSTEM32\MSVCR110.dll
0x53430000 - 0x5343a000 	C:\Program Files (x86)\Java\jdk1.8.0_05\jre\bin\management.dll
0x73560000 - 0x7369f000 	C:\WINDOWS\SYSTEM32\dbghelp.dll

VM Arguments:
jvm_args: -Djava.library.path=./plugins -Xms32m -Xmx512m 
java_command: <unknown>
java_class_path (initial): ./shoebill/bootstrap/shoebill-launcher-1.1-SNAPSHOT.jar
Launcher Type: generic

Environment Variables:
JAVA_HOME=C:\Program Files (x86)\Java\jdk1.8.0_05
JRE_HOME=C:\Program Files (x86)\Java\jdk1.8.0_05\jre
PATH=C:\Program Files (x86)\Java\jdk1.8.0_05\jre\bin\server;C:\Program Files (x86)\Java\jdk1.8.0_05\jre\bin\server;C:\Program Files (x86)\Java\jdk1.8.0_05\jre\bin\server;C:\Program Files (x86)\Java\jdk1.8.0_05\jre\bin\server;C:\Program Files (x86)\Java\jdk1.8.0_05\jre\bin\server;C:\Program Files (x86)\Java\jdk1.8.0_05\jre\bin\server;C:\Program Files (x86)\Java\jdk1.8.0_05\jre\bin\server;C:\Program Files (x86)\Java\jdk1.8.0_05\jre\bin\server;C:\Program Files (x86)\Java\jdk1.8.0_05\jre\bin\server;C:\Program Files (x86)\Java\jdk1.8.0_05\jre\bin\server;C:\Program Files (x86)\Java\jdk1.8.0_05\jre\bin\server;C:\Program Files\Common Files\Microsoft Shared\Microsoft Online Services;C:\Program Files (x86)\Common Files\Microsoft Shared\Microsoft Online Services;C:\ProgramData\Oracle\Java\javapath;C:\Program Files (x86)\Common Files\Microsoft Shared\Windows Live;C:\Windows\system32;C:\Windows;C:\Windows\System32\Wbem;C:\Windows\System32\WindowsPowerShell\v1.0\;F:\Python;F:\wamp\bin\php\php5.5.12;C:\ProgramData\ComposerSetup\bin;F:\mingw32\bin\;C:\Program Files (x86)\SMLNJ\bin\;C:\Users\Justas\AppData\Roaming\Composer\vendor\bin;C:\Program Files (x86)\NVIDIA Corporation\PhysX\Common;C:\WINDOWS\system32;C:\WINDOWS;C:\WINDOWS\System32\Wbem;C:\WINDOWS\System32\WindowsPowerShell\v1.0\;F:\apache-maven-3.3.3\bin\;C:\Program Files (x86)\Skype\Phone\;H:;C:\WINDOWS\system32\config\systemprofile\.dnx\bin;C:\Program Files\Microsoft DNX\Dnvm\;C:\Program Files\Microsoft SQL Server\120\Tools\Binn\;C:\Program Files\Common Files\Microsoft Shared\Windows Live
USERNAME=Justas
OS=Windows_NT
PROCESSOR_IDENTIFIER=Intel64 Family 6 Model 42 Stepping 7, GenuineIntel



---------------  S Y S T E M  ---------------

OS: Windows 8 , 64 bit Build 9200 

CPU:total 8 (4 cores per cpu, 2 threads per core) family 6 model 42 stepping 7, cmov, cx8, fxsr, mmx, sse, sse2, sse3, ssse3, sse4.1, sse4.2, popcnt, avx, aes, clmul, ht, tsc, tscinvbit

Memory: 4k page, physical 8371508k(2689152k free), swap 16760116k(8187252k free)

vm_info: Java HotSpot(TM) Server VM (25.5-b02) for windows-x86 JRE (1.8.0_05-b13), built on Mar 18 2014 01:11:56 by "java_re" with MS VC++ 10.0 (VS2010)

time: Thu Nov 12 19:56:24 2015
elapsed time: 12 seconds

