#
# A fatal error has been detected by the Java Runtime Environment:
#
#  EXCEPTION_ACCESS_VIOLATION (0xc0000005) at pc=0x00000000, pid=4488, tid=11312
#
# JRE version: Java(TM) SE Runtime Environment (8.0_05-b13) (build 1.8.0_05-b13)
# Java VM: Java HotSpot(TM) Server VM (25.5-b02 mixed mode windows-x86 )
# Problematic frame:
# C  0x00000000
#
# Failed to write core dump. Minidumps are not enabled by default on client versions of Windows
#
# If you would like to submit a bug report, please visit:
#   http://bugreport.sun.com/bugreport/crash.jsp
# The crash happened outside the Java Virtual Machine in native code.
# See problematic frame for where to report the bug.
#

---------------  T H R E A D  ---------------

Current thread (0x0210c400):  JavaThread "main" [_thread_in_native, id=11312, stack(0x000a0000,0x001a0000)]

siginfo: ExceptionCode=0xc0000005, reading address 0x00000000

Registers:
EAX=0x0019f490, EBX=0x35b2e4e0, ECX=0x00000004, EDX=0x00000000
ESP=0x0019f3f4, EBP=0x0019f518, ESI=0x0019f56c, EDI=0x0210c530
EIP=0x00000000, EFLAGS=0x00010246

Top of Stack: (sp=0x0019f3f4)
0x0019f3f4:   558058a8 3624e748 0019f490 0210c400
0x0019f404:   33a13338 33a13338 00000000 0266d8ec
0x0019f414:   026c2900 02010000 0019f56c 00000000
0x0019f424:   00000004 002ff0f8 002ff0fc 002ff0fc
0x0019f434:   00000000 3624e748 0266d8e8 002d01c8
0x0019f444:   00000000 00000000 0210c530 35b2e4e0
0x0019f454:   00000004 0266d8e4 0210c400 00000000
0x0019f464:   0210c6c0 00000000 00000000 00000000 

Instructions: (pc=0x00000000)
0xffffffe0:   


Register to memory mapping:

EAX=0x0019f490 is pointing into the stack for thread: 0x0210c400
EBX=0x35b2e4e0 is an unknown value
ECX=0x00000004 is an unknown value
EDX=0x00000000 is an unknown value
ESP=0x0019f3f4 is pointing into the stack for thread: 0x0210c400
EBP=0x0019f518 is pointing into the stack for thread: 0x0210c400
ESI=0x0019f56c is pointing into the stack for thread: 0x0210c400
EDI=0x0210c530 is an unknown value


Stack: [0x000a0000,0x001a0000],  sp=0x0019f3f4,  free space=1020k
Java frames: (J=compiled Java code, j=interpreted, Vv=VM code)
j  net.gtaun.shoebill.SampNativeFunction.callFunction(II[Ljava/lang/Object;)Ljava/lang/Object;+0
j  net.gtaun.shoebill.amx.AmxCallableImpl.call([Ljava/lang/Object;)Ljava/lang/Object;+72
j  lt.ltrp.LtrpGamemode.onEnable()V+70
j  net.gtaun.shoebill.resource.Resource.enable()V+14
j  net.gtaun.shoebill.resource.ResourceManagerImpl.loadGamemode()V+125
j  net.gtaun.shoebill.resource.ResourceManagerImpl.loadAllResource()V+19
j  net.gtaun.shoebill.ShoebillImpl.loadPluginsAndGamemode()V+4
j  net.gtaun.shoebill.ShoebillImpl.access$200(Lnet/gtaun/shoebill/ShoebillImpl;)V+1
j  net.gtaun.shoebill.ShoebillImpl$1.onAmxLoad(I)V+25
j  net.gtaun.shoebill.samp.SampCallbackManagerImpl$1.lambda$null$79(Lnet/gtaun/shoebill/samp/SampCallbackHandler;I)V+2
j  net.gtaun.shoebill.samp.SampCallbackManagerImpl$1$$Lambda$30.call()V+8
j  net.gtaun.shoebill.util.TryUtils.tryTo(Lnet/gtaun/shoebill/util/TryUtils$ThrowableFunction;Ljava/util/function/Consumer;)V+1
j  net.gtaun.shoebill.util.TryUtils.tryTo(Lnet/gtaun/shoebill/util/TryUtils$ThrowableFunction;)V+6
j  net.gtaun.shoebill.samp.SampCallbackManagerImpl$1.lambda$onAmxLoad$80(ILnet/gtaun/shoebill/samp/SampCallbackHandler;)V+7
j  net.gtaun.shoebill.samp.SampCallbackManagerImpl$1$$Lambda$29.accept(Ljava/lang/Object;)V+8
j  java.util.stream.ForEachOps$ForEachOp$OfRef.accept(Ljava/lang/Object;)V+5
j  java.util.stream.ReferencePipeline$2$1.accept(Ljava/lang/Object;)V+21
j  java.util.concurrent.ConcurrentLinkedQueue$CLQSpliterator.forEachRemaining(Ljava/util/function/Consumer;)V+76
j  java.util.stream.AbstractPipeline.copyInto(Ljava/util/stream/Sink;Ljava/util/Spliterator;)V+32
j  java.util.stream.AbstractPipeline.wrapAndCopyInto(Ljava/util/stream/Sink;Ljava/util/Spliterator;)Ljava/util/stream/Sink;+13
j  java.util.stream.ForEachOps$ForEachOp.evaluateSequential(Ljava/util/stream/PipelineHelper;Ljava/util/Spliterator;)Ljava/lang/Void;+3
j  java.util.stream.ForEachOps$ForEachOp$OfRef.evaluateSequential(Ljava/util/stream/PipelineHelper;Ljava/util/Spliterator;)Ljava/lang/Object;+3
j  java.util.stream.AbstractPipeline.evaluate(Ljava/util/stream/TerminalOp;)Ljava/lang/Object;+88
j  java.util.stream.ReferencePipeline.forEach(Ljava/util/function/Consumer;)V+6
j  net.gtaun.shoebill.samp.SampCallbackManagerImpl$1.onAmxLoad(I)V+28
v  ~StubRoutines::call_stub

---------------  P R O C E S S  ---------------

Java Threads: ( => current thread )
  0x33e1e000 JavaThread "Service Thread" daemon [_thread_blocked, id=13880, stack(0x34de0000,0x34ee0000)]
  0x33e67000 JavaThread "C1 CompilerThread3" daemon [_thread_blocked, id=14080, stack(0x34c80000,0x34d80000)]
  0x33e61400 JavaThread "C2 CompilerThread2" daemon [_thread_blocked, id=1028, stack(0x34b40000,0x34c40000)]
  0x33e5c400 JavaThread "C2 CompilerThread1" daemon [_thread_blocked, id=11648, stack(0x34a00000,0x34b00000)]
  0x33e59c00 JavaThread "C2 CompilerThread0" daemon [_thread_blocked, id=3348, stack(0x348c0000,0x349c0000)]
  0x33e58400 JavaThread "Attach Listener" daemon [_thread_blocked, id=6640, stack(0x34780000,0x34880000)]
  0x33e18800 JavaThread "Signal Dispatcher" daemon [_thread_blocked, id=11808, stack(0x34640000,0x34740000)]
  0x33e06000 JavaThread "Finalizer" daemon [_thread_blocked, id=9772, stack(0x344e0000,0x345e0000)]
  0x33e42400 JavaThread "Reference Handler" daemon [_thread_blocked, id=11376, stack(0x343a0000,0x344a0000)]
=>0x0210c400 JavaThread "main" [_thread_in_native, id=11312, stack(0x000a0000,0x001a0000)]

Other Threads:
  0x0266d400 VMThread [stack: 0x34260000,0x34360000] [id=11560]
  0x33e1ec00 WatcherThread [stack: 0x34f20000,0x35020000] [id=8768]

VM state:not at safepoint (normal execution)

VM Mutex/Monitor currently owned by a thread: None

Heap:
 PSYoungGen      total 11520K, used 3110K [0x27180000, 0x28080000, 0x31c00000)
  eden space 8192K, 8% used [0x27180000,0x27224a20,0x27980000)
  from space 3328K, 73% used [0x27d40000,0x27fa5130,0x28080000)
  to   space 3584K, 0% used [0x27980000,0x27980000,0x27d00000)
 ParOldGen       total 22016K, used 7897K [0x11c00000, 0x13180000, 0x27180000)
  object space 22016K, 35% used [0x11c00000,0x123b6638,0x13180000)
 Metaspace       used 12918K, capacity 13175K, committed 13312K, reserved 13696K

Card table byte_map: [0x11a30000,0x11b40000] byte_map_base: 0x119a2000

Marking Bits: (ParMarkBitMap*) 0x53cc3e30
 Begin Bits: [0x325c0000, 0x32dc0000)
 End Bits:   [0x32dc0000, 0x335c0000)

Polling page: 0x02080000

CodeCache: size=245760Kb used=5173Kb max_used=5173Kb free=240586Kb
 bounds [0x02670000, 0x02b80000, 0x11670000]
 total_blobs=2340 nmethods=2056 adapters=198
 compilation: enabled

Compilation events (10 events):
Event: 5.546 Thread 0x33e67000 2052       1       sun.nio.cs.SingleByte$Decoder::decode (11 bytes)
Event: 5.546 Thread 0x33e67000 nmethod 2052 0x02b6f048 code [0x02b6f140, 0x02b6f200]
Event: 5.546 Thread 0x33e67000 2053       3       java.util.Calendar::setFieldsComputed (117 bytes)
Event: 5.547 Thread 0x33e67000 nmethod 2053 0x02b74388 code [0x02b744e0, 0x02b74840]
Event: 5.547 Thread 0x33e67000 2054       3       java.util.Calendar::complete (40 bytes)
Event: 5.547 Thread 0x33e67000 nmethod 2054 0x02b73ec8 code [0x02b74000, 0x02b742b8]
Event: 5.547 Thread 0x33e67000 2055       3       java.util.concurrent.ConcurrentHashMap::put (8 bytes)
Event: 5.547 Thread 0x33e67000 nmethod 2055 0x02b73bc8 code [0x02b73ce0, 0x02b73e2c]
Event: 5.547 Thread 0x33e67000 2056       3       java.lang.invoke.LambdaForm::parameterType (32 bytes)
Event: 5.547 Thread 0x33e67000 nmethod 2056 0x02b7e448 code [0x02b7e560, 0x02b7e660]

GC Heap History (10 events):
Event: 2.495 GC heap before
{Heap before GC invocations=4 (full 0):
 PSYoungGen      total 9472K, used 9464K [0x27180000, 0x27c00000, 0x31c00000)
  eden space 8192K, 100% used [0x27180000,0x27980000,0x27980000)
  from space 1280K, 99% used [0x27980000,0x27abe030,0x27ac0000)
  to   space 1280K, 0% used [0x27ac0000,0x27ac0000,0x27c00000)
 ParOldGen       total 22016K, used 4493K [0x11c00000, 0x13180000, 0x27180000)
  object space 22016K, 20% used [0x11c00000,0x120634c0,0x13180000)
 Metaspace       used 8787K, capacity 8927K, committed 8960K, reserved 9600K
Event: 2.497 GC heap after
Heap after GC invocations=4 (full 0):
 PSYoungGen      total 9472K, used 1274K [0x27180000, 0x27c00000, 0x31c00000)
  eden space 8192K, 0% used [0x27180000,0x27180000,0x27980000)
  from space 1280K, 99% used [0x27ac0000,0x27bfebd8,0x27c00000)
  to   space 1280K, 0% used [0x27980000,0x27980000,0x27ac0000)
 ParOldGen       total 22016K, used 6355K [0x11c00000, 0x13180000, 0x27180000)
  object space 22016K, 28% used [0x11c00000,0x12234ea8,0x13180000)
 Metaspace       used 8787K, capacity 8927K, committed 8960K, reserved 9600K
}
Event: 3.789 GC heap before
{Heap before GC invocations=5 (full 0):
 PSYoungGen      total 9472K, used 9466K [0x27180000, 0x27c00000, 0x31c00000)
  eden space 8192K, 100% used [0x27180000,0x27980000,0x27980000)
  from space 1280K, 99% used [0x27ac0000,0x27bfebd8,0x27c00000)
  to   space 1280K, 0% used [0x27980000,0x27980000,0x27ac0000)
 ParOldGen       total 22016K, used 6355K [0x11c00000, 0x13180000, 0x27180000)
  object space 22016K, 28% used [0x11c00000,0x12234ea8,0x13180000)
 Metaspace       used 8952K, capacity 9102K, committed 9216K, reserved 9600K
Event: 3.792 GC heap after
Heap after GC invocations=5 (full 0):
 PSYoungGen      total 9472K, used 1275K [0x27180000, 0x28100000, 0x31c00000)
  eden space 8192K, 0% used [0x27180000,0x27180000,0x27980000)
  from space 1280K, 99% used [0x27980000,0x27abec18,0x27ac0000)
  to   space 3840K, 0% used [0x27d40000,0x27d40000,0x28100000)
 ParOldGen       total 22016K, used 6617K [0x11c00000, 0x13180000, 0x27180000)
  object space 22016K, 30% used [0x11c00000,0x122765e8,0x13180000)
 Metaspace       used 8952K, capacity 9102K, committed 9216K, reserved 9600K
}
Event: 4.760 GC heap before
{Heap before GC invocations=6 (full 0):
 PSYoungGen      total 9472K, used 9467K [0x27180000, 0x28100000, 0x31c00000)
  eden space 8192K, 100% used [0x27180000,0x27980000,0x27980000)
  from space 1280K, 99% used [0x27980000,0x27abec18,0x27ac0000)
  to   space 3840K, 0% used [0x27d40000,0x27d40000,0x28100000)
 ParOldGen       total 22016K, used 6617K [0x11c00000, 0x13180000, 0x27180000)
  object space 22016K, 30% used [0x11c00000,0x122765e8,0x13180000)
 Metaspace       used 10054K, capacity 10202K, committed 10240K, reserved 10624K
Event: 4.763 GC heap after
Heap after GC invocations=6 (full 0):
 PSYoungGen      total 12032K, used 2157K [0x27180000, 0x28100000, 0x31c00000)
  eden space 8192K, 0% used [0x27180000,0x27180000,0x27980000)
  from space 3840K, 56% used [0x27d40000,0x27f5b630,0x28100000)
  to   space 3840K, 0% used [0x27980000,0x27980000,0x27d40000)
 ParOldGen       total 22016K, used 6685K [0x11c00000, 0x13180000, 0x27180000)
  object space 22016K, 30% used [0x11c00000,0x122875f8,0x13180000)
 Metaspace       used 10054K, capacity 10202K, committed 10240K, reserved 10624K
}
Event: 4.899 GC heap before
{Heap before GC invocations=7 (full 0):
 PSYoungGen      total 12032K, used 10349K [0x27180000, 0x28100000, 0x31c00000)
  eden space 8192K, 100% used [0x27180000,0x27980000,0x27980000)
  from space 3840K, 56% used [0x27d40000,0x27f5b630,0x28100000)
  to   space 3840K, 0% used [0x27980000,0x27980000,0x27d40000)
 ParOldGen       total 22016K, used 6685K [0x11c00000, 0x13180000, 0x27180000)
  object space 22016K, 30% used [0x11c00000,0x122875f8,0x13180000)
 Metaspace       used 11486K, capacity 11678K, committed 11776K, reserved 12672K
Event: 4.902 GC heap after
Heap after GC invocations=7 (full 0):
 PSYoungGen      total 12032K, used 2641K [0x27180000, 0x28100000, 0x31c00000)
  eden space 8192K, 0% used [0x27180000,0x27180000,0x27980000)
  from space 3840K, 68% used [0x27980000,0x27c14590,0x27d40000)
  to   space 3840K, 0% used [0x27d40000,0x27d40000,0x28100000)
 ParOldGen       total 22016K, used 7328K [0x11c00000, 0x13180000, 0x27180000)
  object space 22016K, 33% used [0x11c00000,0x12328218,0x13180000)
 Metaspace       used 11486K, capacity 11678K, committed 11776K, reserved 12672K
}
Event: 5.529 GC heap before
{Heap before GC invocations=8 (full 0):
 PSYoungGen      total 12032K, used 10833K [0x27180000, 0x28100000, 0x31c00000)
  eden space 8192K, 100% used [0x27180000,0x27980000,0x27980000)
  from space 3840K, 68% used [0x27980000,0x27c14590,0x27d40000)
  to   space 3840K, 0% used [0x27d40000,0x27d40000,0x28100000)
 ParOldGen       total 22016K, used 7328K [0x11c00000, 0x13180000, 0x27180000)
  object space 22016K, 33% used [0x11c00000,0x12328218,0x13180000)
 Metaspace       used 12873K, capacity 13121K, committed 13184K, reserved 13696K
Event: 5.536 GC heap after
Heap after GC invocations=8 (full 0):
 PSYoungGen      total 11520K, used 2452K [0x27180000, 0x28080000, 0x31c00000)
  eden space 8192K, 0% used [0x27180000,0x27180000,0x27980000)
  from space 3328K, 73% used [0x27d40000,0x27fa5130,0x28080000)
  to   space 3584K, 0% used [0x27980000,0x27980000,0x27d00000)
 ParOldGen       total 22016K, used 7897K [0x11c00000, 0x13180000, 0x27180000)
  object space 22016K, 35% used [0x11c00000,0x123b6638,0x13180000)
 Metaspace       used 12873K, capacity 13121K, committed 13184K, reserved 13696K
}

Deoptimization events (10 events):
Event: 4.796 Thread 0x0210c400 Uncommon trap: reason=bimorphic action=maybe_recompile pc=0x02a7b364 method=java.util.Hashtable.get(Ljava/lang/Object;)Ljava/lang/Object; @ 6
Event: 4.796 Thread 0x0210c400 Uncommon trap: reason=bimorphic action=maybe_recompile pc=0x02a7b364 method=java.util.Hashtable.get(Ljava/lang/Object;)Ljava/lang/Object; @ 6
Event: 4.796 Thread 0x0210c400 Uncommon trap: reason=bimorphic action=maybe_recompile pc=0x02a7b364 method=java.util.Hashtable.get(Ljava/lang/Object;)Ljava/lang/Object; @ 6
Event: 4.846 Thread 0x0210c400 Uncommon trap: reason=unloaded action=reinterpret pc=0x02ad95a8 method=sun.misc.URLClassPath$JarLoader.getResource(Ljava/lang/String;Z)Lsun/misc/Resource; @ 67
Event: 4.856 Thread 0x0210c400 Uncommon trap: reason=bimorphic action=maybe_recompile pc=0x02a62300 method=java.util.regex.Pattern$CharProperty.match(Ljava/util/regex/Matcher;ILjava/lang/CharSequence;)Z @ 37
Event: 4.856 Thread 0x0210c400 Uncommon trap: reason=bimorphic action=maybe_recompile pc=0x02a62300 method=java.util.regex.Pattern$CharProperty.match(Ljava/util/regex/Matcher;ILjava/lang/CharSequence;)Z @ 37
Event: 4.856 Thread 0x0210c400 Uncommon trap: reason=bimorphic action=maybe_recompile pc=0x02a62300 method=java.util.regex.Pattern$CharProperty.match(Ljava/util/regex/Matcher;ILjava/lang/CharSequence;)Z @ 37
Event: 4.856 Thread 0x0210c400 Uncommon trap: reason=bimorphic action=maybe_recompile pc=0x02a62300 method=java.util.regex.Pattern$CharProperty.match(Ljava/util/regex/Matcher;ILjava/lang/CharSequence;)Z @ 37
Event: 5.488 Thread 0x0210c400 Uncommon trap: reason=unreached action=reinterpret pc=0x029788d0 method=java.lang.reflect.Method.equals(Ljava/lang/Object;)Z @ 49
Event: 5.519 Thread 0x0210c400 Uncommon trap: reason=unreached action=reinterpret pc=0x028611c0 method=java.lang.AbstractStringBuilder.append(Ljava/lang/String;)Ljava/lang/AbstractStringBuilder; @ 1

Internal exceptions (10 events):
Event: 5.544 Thread 0x0210c400 Exception <a 'java/security/PrivilegedActionException'> (0x271f1128) thrown at [D:\re\workspace\8-2-build-windows-i586-cygwin\jdk8u5\2488\hotspot\src\share\vm\prims\jvm.cpp, line 1248]
Event: 5.544 Thread 0x0210c400 Exception <a 'java/security/PrivilegedActionException'> (0x271f1838) thrown at [D:\re\workspace\8-2-build-windows-i586-cygwin\jdk8u5\2488\hotspot\src\share\vm\prims\jvm.cpp, line 1248]
Event: 5.546 Thread 0x0210c400 Exception <a 'java/security/PrivilegedActionException'> (0x27200bd8) thrown at [D:\re\workspace\8-2-build-windows-i586-cygwin\jdk8u5\2488\hotspot\src\share\vm\prims\jvm.cpp, line 1248]
Event: 5.546 Thread 0x0210c400 Exception <a 'java/security/PrivilegedActionException'> (0x272010b8) thrown at [D:\re\workspace\8-2-build-windows-i586-cygwin\jdk8u5\2488\hotspot\src\share\vm\prims\jvm.cpp, line 1248]
Event: 5.547 Thread 0x0210c400 Exception <a 'java/security/PrivilegedActionException'> (0x2720e268) thrown at [D:\re\workspace\8-2-build-windows-i586-cygwin\jdk8u5\2488\hotspot\src\share\vm\prims\jvm.cpp, line 1248]
Event: 5.547 Thread 0x0210c400 Exception <a 'java/security/PrivilegedActionException'> (0x2720e748) thrown at [D:\re\workspace\8-2-build-windows-i586-cygwin\jdk8u5\2488\hotspot\src\share\vm\prims\jvm.cpp, line 1248]
Event: 5.548 Thread 0x0210c400 Exception <a 'java/security/PrivilegedActionException'> (0x272115a0) thrown at [D:\re\workspace\8-2-build-windows-i586-cygwin\jdk8u5\2488\hotspot\src\share\vm\prims\jvm.cpp, line 1248]
Event: 5.548 Thread 0x0210c400 Exception <a 'java/security/PrivilegedActionException'> (0x27211e40) thrown at [D:\re\workspace\8-2-build-windows-i586-cygwin\jdk8u5\2488\hotspot\src\share\vm\prims\jvm.cpp, line 1248]
Event: 5.548 Thread 0x0210c400 Exception <a 'java/security/PrivilegedActionException'> (0x27215868) thrown at [D:\re\workspace\8-2-build-windows-i586-cygwin\jdk8u5\2488\hotspot\src\share\vm\prims\jvm.cpp, line 1248]
Event: 5.548 Thread 0x0210c400 Exception <a 'java/security/PrivilegedActionException'> (0x27216108) thrown at [D:\re\workspace\8-2-build-windows-i586-cygwin\jdk8u5\2488\hotspot\src\share\vm\prims\jvm.cpp, line 1248]

Events (10 events):
Event: 5.547 loading class lt/ltrp/event/player/PlayerSpawnSetUpEvent
Event: 5.547 loading class lt/ltrp/event/player/PlayerSpawnSetUpEvent done
Event: 5.547 loading class net/gtaun/util/event/EventHandler
Event: 5.547 loading class net/gtaun/util/event/EventHandler done
Event: 5.547 loading class lt/ltrp/Util/PawnFunc
Event: 5.547 loading class lt/ltrp/Util/PawnFunc done
Event: 5.548 loading class net/gtaun/shoebill/amx/AmxCallableImpl
Event: 5.548 loading class net/gtaun/shoebill/amx/AmxCallableImpl done
Event: 5.548 loading class net/gtaun/shoebill/amx/AmxCallableType
Event: 5.548 loading class net/gtaun/shoebill/amx/AmxCallableType done


Dynamic libraries:
0x00400000 - 0x00519000 	F:\AAAA\LTRP\samp-server.exe
0x76ed0000 - 0x77049000 	C:\WINDOWS\SYSTEM32\ntdll.dll
0x76520000 - 0x76610000 	C:\WINDOWS\SYSTEM32\KERNEL32.DLL
0x76b80000 - 0x76cf6000 	C:\WINDOWS\SYSTEM32\KERNELBASE.dll
0x748f0000 - 0x75cae000 	C:\WINDOWS\SYSTEM32\SHELL32.dll
0x76d00000 - 0x76dbe000 	C:\WINDOWS\SYSTEM32\msvcrt.dll
0x742d0000 - 0x747ac000 	C:\WINDOWS\SYSTEM32\windows.storage.dll
0x762e0000 - 0x7649a000 	C:\WINDOWS\SYSTEM32\combase.dll
0x76780000 - 0x7682c000 	C:\WINDOWS\SYSTEM32\RPCRT4.dll
0x73fc0000 - 0x73fde000 	C:\WINDOWS\SYSTEM32\SspiCli.dll
0x73fb0000 - 0x73fba000 	C:\WINDOWS\SYSTEM32\CRYPTBASE.dll
0x73f50000 - 0x73fa9000 	C:\WINDOWS\SYSTEM32\bcryptPrimitives.dll
0x768e0000 - 0x76923000 	C:\WINDOWS\SYSTEM32\sechost.dll
0x76170000 - 0x761eb000 	C:\WINDOWS\SYSTEM32\advapi32.dll
0x764d0000 - 0x76514000 	C:\WINDOWS\SYSTEM32\shlwapi.dll
0x75f30000 - 0x7607d000 	C:\WINDOWS\SYSTEM32\GDI32.dll
0x747b0000 - 0x748f0000 	C:\WINDOWS\SYSTEM32\USER32.dll
0x76ec0000 - 0x76ecc000 	C:\WINDOWS\SYSTEM32\kernel.appcore.dll
0x75cc0000 - 0x75d4d000 	C:\WINDOWS\SYSTEM32\shcore.dll
0x76830000 - 0x76874000 	C:\WINDOWS\SYSTEM32\powrprof.dll
0x764c0000 - 0x764cf000 	C:\WINDOWS\SYSTEM32\profapi.dll
0x70090000 - 0x700b4000 	C:\WINDOWS\SYSTEM32\WINMM.dll
0x54a90000 - 0x54a98000 	C:\WINDOWS\SYSTEM32\WSOCK32.dll
0x76940000 - 0x7699c000 	C:\WINDOWS\SYSTEM32\WS2_32.dll
0x73fe0000 - 0x73fe7000 	C:\WINDOWS\SYSTEM32\NSI.dll
0x6fc40000 - 0x6fc63000 	C:\WINDOWS\SYSTEM32\WINMMBASE.dll
0x76aa0000 - 0x76ad6000 	C:\WINDOWS\SYSTEM32\cfgmgr32.dll
0x73e80000 - 0x73ea1000 	C:\WINDOWS\SYSTEM32\DEVOBJ.dll
0x761f0000 - 0x7621b000 	C:\WINDOWS\SYSTEM32\IMM32.DLL
0x73ff0000 - 0x74110000 	C:\WINDOWS\SYSTEM32\MSCTF.dll
0x55800000 - 0x55862000 	F:\AAAA\LTRP\plugins\Shoebill.DLL
0x58660000 - 0x5874e000 	C:\WINDOWS\SYSTEM32\MSVCR120.dll
0x585e0000 - 0x58651000 	C:\WINDOWS\SYSTEM32\MSVCP120.dll
0x53760000 - 0x53d2f000 	C:\Program Files (x86)\Java\jdk1.8.0_05\jre\bin\server\jvm.dll
0x742c0000 - 0x742c6000 	C:\WINDOWS\SYSTEM32\PSAPI.DLL
0x56960000 - 0x56a1f000 	C:\WINDOWS\SYSTEM32\MSVCR100.dll
0x56460000 - 0x5646c000 	C:\Program Files (x86)\Java\jdk1.8.0_05\jre\bin\verify.dll
0x55460000 - 0x55481000 	C:\Program Files (x86)\Java\jdk1.8.0_05\jre\bin\java.dll
0x55440000 - 0x55453000 	C:\Program Files (x86)\Java\jdk1.8.0_05\jre\bin\zip.dll
0x6cd60000 - 0x6cdf1000 	C:\WINDOWS\system32\apphelp.dll
0x54f90000 - 0x54fa4000 	C:\Program Files (x86)\Java\jdk1.8.0_05\jre\bin\net.dll
0x734e0000 - 0x7352e000 	C:\WINDOWS\system32\mswsock.dll
0x555c0000 - 0x555cf000 	C:\Program Files (x86)\Java\jdk1.8.0_05\jre\bin\nio.dll
0x54f70000 - 0x54f90000 	C:\Program Files (x86)\Java\jdk1.8.0_05\jre\bin\sunec.dll
0x734c0000 - 0x734d3000 	C:\WINDOWS\SYSTEM32\CRYPTSP.dll
0x73eb0000 - 0x73ecb000 	C:\WINDOWS\SYSTEM32\bcrypt.dll
0x73490000 - 0x734bf000 	C:\WINDOWS\system32\rsaenh.dll
0x70110000 - 0x70129000 	C:\WINDOWS\SYSTEM32\USERENV.dll
0x72e40000 - 0x72e70000 	C:\WINDOWS\SYSTEM32\IPHLPAPI.DLL
0x72e30000 - 0x72e38000 	C:\WINDOWS\SYSTEM32\WINNSI.DLL
0x72e10000 - 0x72e23000 	C:\WINDOWS\SYSTEM32\dhcpcsvc6.DLL
0x72df0000 - 0x72e04000 	C:\WINDOWS\SYSTEM32\dhcpcsvc.DLL
0x6ced0000 - 0x6cf54000 	C:\WINDOWS\SYSTEM32\DNSAPI.dll
0x6cec0000 - 0x6cec8000 	C:\Windows\System32\rasadhlp.dll
0x70e30000 - 0x70e76000 	C:\WINDOWS\System32\fwpuclnt.dll
0x6cc50000 - 0x6cc63000 	C:\WINDOWS\system32\NLAapi.dll
0x6cc30000 - 0x6cc42000 	C:\WINDOWS\system32\napinsp.dll
0x6c020000 - 0x6c036000 	C:\WINDOWS\system32\pnrpnsp.dll
0x6cc20000 - 0x6cc2b000 	C:\WINDOWS\System32\winrnr.dll
0x54f20000 - 0x54f64000 	F:\AAAA\LTRP\plugins\streamer.DLL
0x35420000 - 0x3542d000 	F:\AAAA\LTRP\plugins\sscanf.DLL
0x54ee0000 - 0x54f1e000 	F:\AAAA\LTRP\plugins\mysql.DLL
0x363a0000 - 0x365de000 	F:\AAAA\LTRP\libmysql.dll
0x35460000 - 0x35470000 	F:\AAAA\LTRP\plugins\MapAndreas.DLL
0x35470000 - 0x3547c000 	F:\AAAA\LTRP\plugins\Whirlpool.DLL
0x69980000 - 0x69a1b000 	C:\WINDOWS\WinSxS\x86_microsoft.vc80.crt_1fc8b3b9a1e18e3b_8.0.50727.9185_none_d0905a48442809b8\MSVCR80.dll
0x54e90000 - 0x54edf000 	F:\AAAA\LTRP\plugins\audio.DLL
0x54e20000 - 0x54e89000 	C:\WINDOWS\SYSTEM32\MSVCP100.dll
0x54e10000 - 0x54e1b000 	F:\AAAA\LTRP\plugins\FileManager.DLL
0x72a80000 - 0x72b05000 	C:\WINDOWS\SYSTEM32\MSVCP110.dll
0x72d10000 - 0x72de6000 	C:\WINDOWS\SYSTEM32\MSVCR110.dll
0x54a80000 - 0x54a8a000 	C:\Program Files (x86)\Java\jdk1.8.0_05\jre\bin\management.dll
0x73560000 - 0x7369f000 	C:\WINDOWS\SYSTEM32\dbghelp.dll

VM Arguments:
jvm_args: -Djava.library.path=./plugins -Xms32m -Xmx512m 
java_command: <unknown>
java_class_path (initial): ./shoebill/bootstrap/shoebill-launcher-1.1-SNAPSHOT.jar
Launcher Type: generic

Environment Variables:
JAVA_HOME=C:\Program Files (x86)\Java\jdk1.8.0_05
JRE_HOME=C:\Program Files (x86)\Java\jdk1.8.0_05\jre
PATH=C:\Program Files (x86)\Java\jdk1.8.0_05\jre\bin\server;C:\Program Files (x86)\Java\jdk1.8.0_05\jre\bin\server;C:\Program Files\Common Files\Microsoft Shared\Microsoft Online Services;C:\Program Files (x86)\Common Files\Microsoft Shared\Microsoft Online Services;C:\ProgramData\Oracle\Java\javapath;C:\Program Files (x86)\Common Files\Microsoft Shared\Windows Live;C:\Windows\system32;C:\Windows;C:\Windows\System32\Wbem;C:\Windows\System32\WindowsPowerShell\v1.0\;F:\Python;F:\wamp\bin\php\php5.5.12;C:\ProgramData\ComposerSetup\bin;F:\mingw32\bin\;C:\Program Files (x86)\SMLNJ\bin\;C:\Users\Justas\AppData\Roaming\Composer\vendor\bin;C:\Program Files (x86)\NVIDIA Corporation\PhysX\Common;C:\WINDOWS\system32;C:\WINDOWS;C:\WINDOWS\System32\Wbem;C:\WINDOWS\System32\WindowsPowerShell\v1.0\;F:\apache-maven-3.3.3\bin\;C:\Program Files (x86)\Skype\Phone\;H:;C:\WINDOWS\system32\config\systemprofile\.dnx\bin;C:\Program Files\Microsoft DNX\Dnvm\;C:\Program Files\Microsoft SQL Server\120\Tools\Binn\;C:\Program Files\Common Files\Microsoft Shared\Windows Live
USERNAME=Justas
OS=Windows_NT
PROCESSOR_IDENTIFIER=Intel64 Family 6 Model 42 Stepping 7, GenuineIntel



---------------  S Y S T E M  ---------------

OS: Windows 8 , 64 bit Build 9200 

CPU:total 8 (4 cores per cpu, 2 threads per core) family 6 model 42 stepping 7, cmov, cx8, fxsr, mmx, sse, sse2, sse3, ssse3, sse4.1, sse4.2, popcnt, avx, aes, clmul, ht, tsc, tscinvbit

Memory: 4k page, physical 8371508k(2298720k free), swap 16760116k(7779620k free)

vm_info: Java HotSpot(TM) Server VM (25.5-b02) for windows-x86 JRE (1.8.0_05-b13), built on Mar 18 2014 01:11:56 by "java_re" with MS VC++ 10.0 (VS2010)

time: Thu Nov 12 19:20:34 2015
elapsed time: 5 seconds

