#
# A fatal error has been detected by the Java Runtime Environment:
#
#  EXCEPTION_ACCESS_VIOLATION (0xc0000005) at pc=0x00000000, pid=13000, tid=4788
#
# JRE version: Java(TM) SE Runtime Environment (8.0_05-b13) (build 1.8.0_05-b13)
# Java VM: Java HotSpot(TM) Server VM (25.5-b02 mixed mode windows-x86 )
# Problematic frame:
# C  0x00000000
#
# Failed to write core dump. Minidumps are not enabled by default on client versions of Windows
#
# If you would like to submit a bug report, please visit:
#   http://bugreport.sun.com/bugreport/crash.jsp
# The crash happened outside the Java Virtual Machine in native code.
# See problematic frame for where to report the bug.
#

---------------  T H R E A D  ---------------

Current thread (0x024fc000):  JavaThread "main" [_thread_in_native, id=4788, stack(0x000a0000,0x001a0000)]

siginfo: ExceptionCode=0xc0000005, reading address 0x00000000

Registers:
EAX=0x0019f480, EBX=0x35d6dfa0, ECX=0x00000003, EDX=0x00000000
ESP=0x0019f3e4, EBP=0x0019f508, ESI=0x0019f558, EDI=0x024fc130
EIP=0x00000000, EFLAGS=0x00010246

Top of Stack: (sp=0x0019f3e4)
0x0019f3e4:   558058a8 361ae7b8 0019f480 024fc000
0x0019f3f4:   33a23338 33a23338 00000000 0263e988
0x0019f404:   02692900 02010000 0019f558 00000000
0x0019f414:   00000003 00000000 00000000 00000000
0x0019f424:   00000000 361ae7b8 0263e984 0032eb38
0x0019f434:   00000000 00000000 024fc130 35d6dfa0
0x0019f444:   00000003 0263e980 024fc000 00000000
0x0019f454:   024fc4f8 00000000 00000000 00000000 

Instructions: (pc=0x00000000)
0xffffffe0:   


Register to memory mapping:

EAX=0x0019f480 is pointing into the stack for thread: 0x024fc000
EBX=0x35d6dfa0 is an unknown value
ECX=0x00000003 is an unknown value
EDX=0x00000000 is an unknown value
ESP=0x0019f3e4 is pointing into the stack for thread: 0x024fc000
EBP=0x0019f508 is pointing into the stack for thread: 0x024fc000
ESI=0x0019f558 is pointing into the stack for thread: 0x024fc000
EDI=0x024fc130 is an unknown value


Stack: [0x000a0000,0x001a0000],  sp=0x0019f3e4,  free space=1020k
Java frames: (J=compiled Java code, j=interpreted, Vv=VM code)
j  net.gtaun.shoebill.SampNativeFunction.callFunction(II[Ljava/lang/Object;)Ljava/lang/Object;+0
j  net.gtaun.shoebill.amx.AmxCallableImpl.call([Ljava/lang/Object;)Ljava/lang/Object;+72
j  lt.ltrp.LtrpGamemode.onEnable()V+65
j  net.gtaun.shoebill.resource.Resource.enable()V+14
j  net.gtaun.shoebill.resource.ResourceManagerImpl.loadGamemode()V+125
j  net.gtaun.shoebill.resource.ResourceManagerImpl.loadAllResource()V+19
j  net.gtaun.shoebill.ShoebillImpl.loadPluginsAndGamemode()V+4
j  net.gtaun.shoebill.ShoebillImpl.access$200(Lnet/gtaun/shoebill/ShoebillImpl;)V+1
j  net.gtaun.shoebill.ShoebillImpl$1.onAmxLoad(I)V+25
j  net.gtaun.shoebill.samp.SampCallbackManagerImpl$1.lambda$null$79(Lnet/gtaun/shoebill/samp/SampCallbackHandler;I)V+2
j  net.gtaun.shoebill.samp.SampCallbackManagerImpl$1$$Lambda$30.call()V+8
j  net.gtaun.shoebill.util.TryUtils.tryTo(Lnet/gtaun/shoebill/util/TryUtils$ThrowableFunction;Ljava/util/function/Consumer;)V+1
j  net.gtaun.shoebill.util.TryUtils.tryTo(Lnet/gtaun/shoebill/util/TryUtils$ThrowableFunction;)V+6
j  net.gtaun.shoebill.samp.SampCallbackManagerImpl$1.lambda$onAmxLoad$80(ILnet/gtaun/shoebill/samp/SampCallbackHandler;)V+7
j  net.gtaun.shoebill.samp.SampCallbackManagerImpl$1$$Lambda$29.accept(Ljava/lang/Object;)V+8
j  java.util.stream.ForEachOps$ForEachOp$OfRef.accept(Ljava/lang/Object;)V+5
j  java.util.stream.ReferencePipeline$2$1.accept(Ljava/lang/Object;)V+21
j  java.util.concurrent.ConcurrentLinkedQueue$CLQSpliterator.forEachRemaining(Ljava/util/function/Consumer;)V+76
j  java.util.stream.AbstractPipeline.copyInto(Ljava/util/stream/Sink;Ljava/util/Spliterator;)V+32
j  java.util.stream.AbstractPipeline.wrapAndCopyInto(Ljava/util/stream/Sink;Ljava/util/Spliterator;)Ljava/util/stream/Sink;+13
j  java.util.stream.ForEachOps$ForEachOp.evaluateSequential(Ljava/util/stream/PipelineHelper;Ljava/util/Spliterator;)Ljava/lang/Void;+3
j  java.util.stream.ForEachOps$ForEachOp$OfRef.evaluateSequential(Ljava/util/stream/PipelineHelper;Ljava/util/Spliterator;)Ljava/lang/Object;+3
j  java.util.stream.AbstractPipeline.evaluate(Ljava/util/stream/TerminalOp;)Ljava/lang/Object;+88
j  java.util.stream.ReferencePipeline.forEach(Ljava/util/function/Consumer;)V+6
j  net.gtaun.shoebill.samp.SampCallbackManagerImpl$1.onAmxLoad(I)V+28
v  ~StubRoutines::call_stub

---------------  P R O C E S S  ---------------

Java Threads: ( => current thread )
  0x33ed1400 JavaThread "Service Thread" daemon [_thread_blocked, id=1768, stack(0x34e00000,0x34f00000)]
  0x33e2d000 JavaThread "C1 CompilerThread3" daemon [_thread_blocked, id=5656, stack(0x34ca0000,0x34da0000)]
  0x33e6d400 JavaThread "C2 CompilerThread2" daemon [_thread_blocked, id=512, stack(0x34b60000,0x34c60000)]
  0x33e6b800 JavaThread "C2 CompilerThread1" daemon [_thread_blocked, id=7736, stack(0x34a20000,0x34b20000)]
  0x33e6a000 JavaThread "C2 CompilerThread0" daemon [_thread_blocked, id=5752, stack(0x348e0000,0x349e0000)]
  0x33e68800 JavaThread "Attach Listener" daemon [_thread_blocked, id=5924, stack(0x347a0000,0x348a0000)]
  0x33e66000 JavaThread "Signal Dispatcher" daemon [_thread_blocked, id=12816, stack(0x34660000,0x34760000)]
  0x33e17800 JavaThread "Finalizer" daemon [_thread_blocked, id=4136, stack(0x344f0000,0x345f0000)]
  0x33e52c00 JavaThread "Reference Handler" daemon [_thread_blocked, id=5408, stack(0x343b0000,0x344b0000)]
=>0x024fc000 JavaThread "main" [_thread_in_native, id=4788, stack(0x000a0000,0x001a0000)]

Other Threads:
  0x0263e400 VMThread [stack: 0x34270000,0x34370000] [id=7392]
  0x33edbc00 WatcherThread [stack: 0x34f40000,0x35040000] [id=5912]

VM state:not at safepoint (normal execution)

VM Mutex/Monitor currently owned by a thread: None

Heap:
 PSYoungGen      total 11520K, used 2391K [0x26f80000, 0x27e80000, 0x31a00000)
  eden space 8192K, 3% used [0x26f80000,0x26fc0d70,0x27780000)
  from space 3328K, 64% used [0x27b40000,0x27d54fc0,0x27e80000)
  to   space 3584K, 0% used [0x27780000,0x27780000,0x27b00000)
 ParOldGen       total 22016K, used 7998K [0x11a00000, 0x12f80000, 0x26f80000)
  object space 22016K, 36% used [0x11a00000,0x121cfb20,0x12f80000)
 Metaspace       used 12911K, capacity 13163K, committed 13184K, reserved 13696K

Card table byte_map: [0x31a00000,0x31b10000] byte_map_base: 0x31973000

Marking Bits: (ParMarkBitMap*) 0x53cc3e30
 Begin Bits: [0x325c0000, 0x32dc0000)
 End Bits:   [0x32dc0000, 0x335c0000)

Polling page: 0x024e0000

CodeCache: size=245760Kb used=5128Kb max_used=5130Kb free=240631Kb
 bounds [0x02640000, 0x02b48000, 0x11640000]
 total_blobs=2330 nmethods=2046 adapters=198
 compilation: enabled

Compilation events (10 events):
Event: 5.446 Thread 0x33e2d000 2042       1       sun.nio.cs.SingleByte$Decoder::decode (11 bytes)
Event: 5.446 Thread 0x33e2d000 nmethod 2042 0x02b41188 code [0x02b41280, 0x02b41340]
Event: 5.446 Thread 0x33e2d000 2043       3       java.util.Calendar::setFieldsComputed (117 bytes)
Event: 5.446 Thread 0x33e2d000 nmethod 2043 0x02b40988 code [0x02b40ae0, 0x02b40e40]
Event: 5.446 Thread 0x33e2d000 2044       3       java.util.Calendar::complete (40 bytes)
Event: 5.447 Thread 0x33e2d000 nmethod 2044 0x02b404c8 code [0x02b40600, 0x02b408b8]
Event: 5.447 Thread 0x33e2d000 2045       3       java.util.concurrent.ConcurrentHashMap::put (8 bytes)
Event: 5.447 Thread 0x33e2d000 nmethod 2045 0x02b401c8 code [0x02b402e0, 0x02b4042c]
Event: 5.447 Thread 0x33e2d000 2046       3       java.lang.invoke.LambdaForm::parameterType (32 bytes)
Event: 5.447 Thread 0x33e2d000 nmethod 2046 0x02b3fec8 code [0x02b3ffe0, 0x02b400e0]

GC Heap History (10 events):
Event: 2.568 GC heap before
{Heap before GC invocations=4 (full 0):
 PSYoungGen      total 9472K, used 9472K [0x26f80000, 0x27a00000, 0x31a00000)
  eden space 8192K, 100% used [0x26f80000,0x27780000,0x27780000)
  from space 1280K, 100% used [0x27780000,0x278c0000,0x278c0000)
  to   space 1280K, 0% used [0x278c0000,0x278c0000,0x27a00000)
 ParOldGen       total 22016K, used 4496K [0x11a00000, 0x12f80000, 0x26f80000)
  object space 22016K, 20% used [0x11a00000,0x11e64370,0x12f80000)
 Metaspace       used 8809K, capacity 8961K, committed 9088K, reserved 9600K
Event: 2.571 GC heap after
Heap after GC invocations=4 (full 0):
 PSYoungGen      total 9472K, used 1266K [0x26f80000, 0x27a00000, 0x31a00000)
  eden space 8192K, 0% used [0x26f80000,0x26f80000,0x27780000)
  from space 1280K, 98% used [0x278c0000,0x279fcbe8,0x27a00000)
  to   space 1280K, 0% used [0x27780000,0x27780000,0x278c0000)
 ParOldGen       total 22016K, used 6463K [0x11a00000, 0x12f80000, 0x26f80000)
  object space 22016K, 29% used [0x11a00000,0x1204fe28,0x12f80000)
 Metaspace       used 8809K, capacity 8961K, committed 9088K, reserved 9600K
}
Event: 3.769 GC heap before
{Heap before GC invocations=5 (full 0):
 PSYoungGen      total 9472K, used 9458K [0x26f80000, 0x27a00000, 0x31a00000)
  eden space 8192K, 100% used [0x26f80000,0x27780000,0x27780000)
  from space 1280K, 98% used [0x278c0000,0x279fcbe8,0x27a00000)
  to   space 1280K, 0% used [0x27780000,0x27780000,0x278c0000)
 ParOldGen       total 22016K, used 6463K [0x11a00000, 0x12f80000, 0x26f80000)
  object space 22016K, 29% used [0x11a00000,0x1204fe28,0x12f80000)
 Metaspace       used 8944K, capacity 9095K, committed 9216K, reserved 9600K
Event: 3.771 GC heap after
Heap after GC invocations=5 (full 0):
 PSYoungGen      total 9472K, used 1275K [0x26f80000, 0x27f80000, 0x31a00000)
  eden space 8192K, 0% used [0x26f80000,0x26f80000,0x27780000)
  from space 1280K, 99% used [0x27780000,0x278bec18,0x278c0000)
  to   space 4096K, 0% used [0x27b80000,0x27b80000,0x27f80000)
 ParOldGen       total 22016K, used 6712K [0x11a00000, 0x12f80000, 0x26f80000)
  object space 22016K, 30% used [0x11a00000,0x1208e2d0,0x12f80000)
 Metaspace       used 8944K, capacity 9095K, committed 9216K, reserved 9600K
}
Event: 4.807 GC heap before
{Heap before GC invocations=6 (full 0):
 PSYoungGen      total 9472K, used 9467K [0x26f80000, 0x27f80000, 0x31a00000)
  eden space 8192K, 100% used [0x26f80000,0x27780000,0x27780000)
  from space 1280K, 99% used [0x27780000,0x278bec18,0x278c0000)
  to   space 4096K, 0% used [0x27b80000,0x27b80000,0x27f80000)
 ParOldGen       total 22016K, used 6712K [0x11a00000, 0x12f80000, 0x26f80000)
  object space 22016K, 30% used [0x11a00000,0x1208e2d0,0x12f80000)
 Metaspace       used 10215K, capacity 10382K, committed 10496K, reserved 10624K
Event: 4.810 GC heap after
Heap after GC invocations=6 (full 0):
 PSYoungGen      total 11776K, used 2136K [0x26f80000, 0x27f00000, 0x31a00000)
  eden space 8192K, 0% used [0x26f80000,0x26f80000,0x27780000)
  from space 3584K, 59% used [0x27b80000,0x27d96300,0x27f00000)
  to   space 3840K, 0% used [0x27780000,0x27780000,0x27b40000)
 ParOldGen       total 22016K, used 6780K [0x11a00000, 0x12f80000, 0x26f80000)
  object space 22016K, 30% used [0x11a00000,0x1209f2e0,0x12f80000)
 Metaspace       used 10215K, capacity 10382K, committed 10496K, reserved 10624K
}
Event: 4.941 GC heap before
{Heap before GC invocations=7 (full 0):
 PSYoungGen      total 11776K, used 10328K [0x26f80000, 0x27f00000, 0x31a00000)
  eden space 8192K, 100% used [0x26f80000,0x27780000,0x27780000)
  from space 3584K, 59% used [0x27b80000,0x27d96300,0x27f00000)
  to   space 3840K, 0% used [0x27780000,0x27780000,0x27b40000)
 ParOldGen       total 22016K, used 6780K [0x11a00000, 0x12f80000, 0x26f80000)
  object space 22016K, 30% used [0x11a00000,0x1209f2e0,0x12f80000)
 Metaspace       used 11551K, capacity 11729K, committed 11776K, reserved 12672K
Event: 4.944 GC heap after
Heap after GC invocations=7 (full 0):
 PSYoungGen      total 12032K, used 2600K [0x26f80000, 0x27f00000, 0x31a00000)
  eden space 8192K, 0% used [0x26f80000,0x26f80000,0x27780000)
  from space 3840K, 67% used [0x27780000,0x27a0a128,0x27b40000)
  to   space 3840K, 0% used [0x27b40000,0x27b40000,0x27f00000)
 ParOldGen       total 22016K, used 7440K [0x11a00000, 0x12f80000, 0x26f80000)
  object space 22016K, 33% used [0x11a00000,0x121442f0,0x12f80000)
 Metaspace       used 11551K, capacity 11729K, committed 11776K, reserved 12672K
}
Event: 5.437 GC heap before
{Heap before GC invocations=8 (full 0):
 PSYoungGen      total 12032K, used 10792K [0x26f80000, 0x27f00000, 0x31a00000)
  eden space 8192K, 100% used [0x26f80000,0x27780000,0x27780000)
  from space 3840K, 67% used [0x27780000,0x27a0a128,0x27b40000)
  to   space 3840K, 0% used [0x27b40000,0x27b40000,0x27f00000)
 ParOldGen       total 22016K, used 7440K [0x11a00000, 0x12f80000, 0x26f80000)
  object space 22016K, 33% used [0x11a00000,0x121442f0,0x12f80000)
 Metaspace       used 12891K, capacity 13108K, committed 13184K, reserved 13696K
Event: 5.443 GC heap after
Heap after GC invocations=8 (full 0):
 PSYoungGen      total 11520K, used 2131K [0x26f80000, 0x27e80000, 0x31a00000)
  eden space 8192K, 0% used [0x26f80000,0x26f80000,0x27780000)
  from space 3328K, 64% used [0x27b40000,0x27d54fc0,0x27e80000)
  to   space 3584K, 0% used [0x27780000,0x27780000,0x27b00000)
 ParOldGen       total 22016K, used 7998K [0x11a00000, 0x12f80000, 0x26f80000)
  object space 22016K, 36% used [0x11a00000,0x121cfb20,0x12f80000)
 Metaspace       used 12891K, capacity 13108K, committed 13184K, reserved 13696K
}

Deoptimization events (10 events):
Event: 4.893 Thread 0x024fc000 Uncommon trap: reason=bimorphic action=maybe_recompile pc=0x02a25600 method=java.util.regex.Pattern$CharProperty.match(Ljava/util/regex/Matcher;ILjava/lang/CharSequence;)Z @ 37
Event: 4.893 Thread 0x024fc000 Uncommon trap: reason=bimorphic action=maybe_recompile pc=0x02a25600 method=java.util.regex.Pattern$CharProperty.match(Ljava/util/regex/Matcher;ILjava/lang/CharSequence;)Z @ 37
Event: 4.894 Thread 0x024fc000 Uncommon trap: reason=bimorphic action=maybe_recompile pc=0x02a25600 method=java.util.regex.Pattern$CharProperty.match(Ljava/util/regex/Matcher;ILjava/lang/CharSequence;)Z @ 37
Event: 4.894 Thread 0x024fc000 Uncommon trap: reason=bimorphic action=maybe_recompile pc=0x02a25600 method=java.util.regex.Pattern$CharProperty.match(Ljava/util/regex/Matcher;ILjava/lang/CharSequence;)Z @ 37
Event: 4.907 Thread 0x024fc000 Uncommon trap: reason=bimorphic action=maybe_recompile pc=0x029b259c method=java.util.concurrent.ConcurrentHashMap.get(Ljava/lang/Object;)Ljava/lang/Object; @ 149
Event: 4.907 Thread 0x024fc000 Uncommon trap: reason=bimorphic action=maybe_recompile pc=0x029b259c method=java.util.concurrent.ConcurrentHashMap.get(Ljava/lang/Object;)Ljava/lang/Object; @ 149
Event: 4.908 Thread 0x024fc000 Uncommon trap: reason=bimorphic action=maybe_recompile pc=0x029b259c method=java.util.concurrent.ConcurrentHashMap.get(Ljava/lang/Object;)Ljava/lang/Object; @ 149
Event: 4.910 Thread 0x024fc000 Uncommon trap: reason=bimorphic action=maybe_recompile pc=0x029b259c method=java.util.concurrent.ConcurrentHashMap.get(Ljava/lang/Object;)Ljava/lang/Object; @ 149
Event: 5.387 Thread 0x024fc000 Uncommon trap: reason=unreached action=reinterpret pc=0x0294a254 method=java.lang.reflect.Method.equals(Ljava/lang/Object;)Z @ 49
Event: 5.419 Thread 0x024fc000 Uncommon trap: reason=unreached action=reinterpret pc=0x02842f00 method=java.lang.AbstractStringBuilder.append(Ljava/lang/String;)Ljava/lang/AbstractStringBuilder; @ 1

Internal exceptions (10 events):
Event: 5.444 Thread 0x024fc000 Exception <a 'java/security/PrivilegedActionException'> (0x26f879c0) thrown at [D:\re\workspace\8-2-build-windows-i586-cygwin\jdk8u5\2488\hotspot\src\share\vm\prims\jvm.cpp, line 1248]
Event: 5.444 Thread 0x024fc000 Exception <a 'java/security/PrivilegedActionException'> (0x26f880d0) thrown at [D:\re\workspace\8-2-build-windows-i586-cygwin\jdk8u5\2488\hotspot\src\share\vm\prims\jvm.cpp, line 1248]
Event: 5.446 Thread 0x024fc000 Exception <a 'java/security/PrivilegedActionException'> (0x26f97470) thrown at [D:\re\workspace\8-2-build-windows-i586-cygwin\jdk8u5\2488\hotspot\src\share\vm\prims\jvm.cpp, line 1248]
Event: 5.446 Thread 0x024fc000 Exception <a 'java/security/PrivilegedActionException'> (0x26f97950) thrown at [D:\re\workspace\8-2-build-windows-i586-cygwin\jdk8u5\2488\hotspot\src\share\vm\prims\jvm.cpp, line 1248]
Event: 5.447 Thread 0x024fc000 Exception <a 'java/security/PrivilegedActionException'> (0x26fa4378) thrown at [D:\re\workspace\8-2-build-windows-i586-cygwin\jdk8u5\2488\hotspot\src\share\vm\prims\jvm.cpp, line 1248]
Event: 5.447 Thread 0x024fc000 Exception <a 'java/security/PrivilegedActionException'> (0x26fa4858) thrown at [D:\re\workspace\8-2-build-windows-i586-cygwin\jdk8u5\2488\hotspot\src\share\vm\prims\jvm.cpp, line 1248]
Event: 5.447 Thread 0x024fc000 Exception <a 'java/security/PrivilegedActionException'> (0x26fa76b0) thrown at [D:\re\workspace\8-2-build-windows-i586-cygwin\jdk8u5\2488\hotspot\src\share\vm\prims\jvm.cpp, line 1248]
Event: 5.447 Thread 0x024fc000 Exception <a 'java/security/PrivilegedActionException'> (0x26fa7f50) thrown at [D:\re\workspace\8-2-build-windows-i586-cygwin\jdk8u5\2488\hotspot\src\share\vm\prims\jvm.cpp, line 1248]
Event: 5.448 Thread 0x024fc000 Exception <a 'java/security/PrivilegedActionException'> (0x26fab978) thrown at [D:\re\workspace\8-2-build-windows-i586-cygwin\jdk8u5\2488\hotspot\src\share\vm\prims\jvm.cpp, line 1248]
Event: 5.448 Thread 0x024fc000 Exception <a 'java/security/PrivilegedActionException'> (0x26fac218) thrown at [D:\re\workspace\8-2-build-windows-i586-cygwin\jdk8u5\2488\hotspot\src\share\vm\prims\jvm.cpp, line 1248]

Events (10 events):
Event: 5.447 loading class lt/ltrp/event/player/PlayerSpawnSetUpEvent
Event: 5.447 loading class lt/ltrp/event/player/PlayerSpawnSetUpEvent done
Event: 5.447 loading class net/gtaun/util/event/EventHandler
Event: 5.447 loading class net/gtaun/util/event/EventHandler done
Event: 5.447 loading class lt/ltrp/Util/PawnFunc
Event: 5.447 loading class lt/ltrp/Util/PawnFunc done
Event: 5.447 loading class net/gtaun/shoebill/amx/AmxCallableImpl
Event: 5.447 loading class net/gtaun/shoebill/amx/AmxCallableImpl done
Event: 5.448 loading class net/gtaun/shoebill/amx/AmxCallableType
Event: 5.448 loading class net/gtaun/shoebill/amx/AmxCallableType done


Dynamic libraries:
0x00400000 - 0x00519000 	F:\AAAA\LTRP\samp-server.exe
0x76ed0000 - 0x77049000 	C:\WINDOWS\SYSTEM32\ntdll.dll
0x76520000 - 0x76610000 	C:\WINDOWS\SYSTEM32\KERNEL32.DLL
0x76b80000 - 0x76cf6000 	C:\WINDOWS\SYSTEM32\KERNELBASE.dll
0x748f0000 - 0x75cae000 	C:\WINDOWS\SYSTEM32\SHELL32.dll
0x76d00000 - 0x76dbe000 	C:\WINDOWS\SYSTEM32\msvcrt.dll
0x742d0000 - 0x747ac000 	C:\WINDOWS\SYSTEM32\windows.storage.dll
0x762e0000 - 0x7649a000 	C:\WINDOWS\SYSTEM32\combase.dll
0x76780000 - 0x7682c000 	C:\WINDOWS\SYSTEM32\RPCRT4.dll
0x73fc0000 - 0x73fde000 	C:\WINDOWS\SYSTEM32\SspiCli.dll
0x73fb0000 - 0x73fba000 	C:\WINDOWS\SYSTEM32\CRYPTBASE.dll
0x73f50000 - 0x73fa9000 	C:\WINDOWS\SYSTEM32\bcryptPrimitives.dll
0x768e0000 - 0x76923000 	C:\WINDOWS\SYSTEM32\sechost.dll
0x76170000 - 0x761eb000 	C:\WINDOWS\SYSTEM32\advapi32.dll
0x764d0000 - 0x76514000 	C:\WINDOWS\SYSTEM32\shlwapi.dll
0x75f30000 - 0x7607d000 	C:\WINDOWS\SYSTEM32\GDI32.dll
0x747b0000 - 0x748f0000 	C:\WINDOWS\SYSTEM32\USER32.dll
0x76ec0000 - 0x76ecc000 	C:\WINDOWS\SYSTEM32\kernel.appcore.dll
0x75cc0000 - 0x75d4d000 	C:\WINDOWS\SYSTEM32\shcore.dll
0x76830000 - 0x76874000 	C:\WINDOWS\SYSTEM32\powrprof.dll
0x764c0000 - 0x764cf000 	C:\WINDOWS\SYSTEM32\profapi.dll
0x54a90000 - 0x54a98000 	C:\WINDOWS\SYSTEM32\WSOCK32.dll
0x70090000 - 0x700b4000 	C:\WINDOWS\SYSTEM32\WINMM.dll
0x76940000 - 0x7699c000 	C:\WINDOWS\SYSTEM32\WS2_32.dll
0x73fe0000 - 0x73fe7000 	C:\WINDOWS\SYSTEM32\NSI.dll
0x002c0000 - 0x002e3000 	C:\WINDOWS\SYSTEM32\WINMMBASE.dll
0x76aa0000 - 0x76ad6000 	C:\WINDOWS\SYSTEM32\cfgmgr32.dll
0x73e80000 - 0x73ea1000 	C:\WINDOWS\SYSTEM32\DEVOBJ.dll
0x761f0000 - 0x7621b000 	C:\WINDOWS\SYSTEM32\IMM32.DLL
0x73ff0000 - 0x74110000 	C:\WINDOWS\SYSTEM32\MSCTF.dll
0x55800000 - 0x55862000 	F:\AAAA\LTRP\plugins\Shoebill.DLL
0x585e0000 - 0x58651000 	C:\WINDOWS\SYSTEM32\MSVCP120.dll
0x58660000 - 0x5874e000 	C:\WINDOWS\SYSTEM32\MSVCR120.dll
0x53760000 - 0x53d2f000 	C:\Program Files (x86)\Java\jdk1.8.0_05\jre\bin\server\jvm.dll
0x742c0000 - 0x742c6000 	C:\WINDOWS\SYSTEM32\PSAPI.DLL
0x56960000 - 0x56a1f000 	C:\WINDOWS\SYSTEM32\MSVCR100.dll
0x56460000 - 0x5646c000 	C:\Program Files (x86)\Java\jdk1.8.0_05\jre\bin\verify.dll
0x55460000 - 0x55481000 	C:\Program Files (x86)\Java\jdk1.8.0_05\jre\bin\java.dll
0x55440000 - 0x55453000 	C:\Program Files (x86)\Java\jdk1.8.0_05\jre\bin\zip.dll
0x6cd60000 - 0x6cdf1000 	C:\WINDOWS\system32\apphelp.dll
0x54f90000 - 0x54fa4000 	C:\Program Files (x86)\Java\jdk1.8.0_05\jre\bin\net.dll
0x734e0000 - 0x7352e000 	C:\WINDOWS\system32\mswsock.dll
0x555c0000 - 0x555cf000 	C:\Program Files (x86)\Java\jdk1.8.0_05\jre\bin\nio.dll
0x54f70000 - 0x54f90000 	C:\Program Files (x86)\Java\jdk1.8.0_05\jre\bin\sunec.dll
0x734c0000 - 0x734d3000 	C:\WINDOWS\SYSTEM32\CRYPTSP.dll
0x73eb0000 - 0x73ecb000 	C:\WINDOWS\SYSTEM32\bcrypt.dll
0x73490000 - 0x734bf000 	C:\WINDOWS\system32\rsaenh.dll
0x70110000 - 0x70129000 	C:\WINDOWS\SYSTEM32\USERENV.dll
0x72e40000 - 0x72e70000 	C:\WINDOWS\SYSTEM32\IPHLPAPI.DLL
0x72e30000 - 0x72e38000 	C:\WINDOWS\SYSTEM32\WINNSI.DLL
0x72e10000 - 0x72e23000 	C:\WINDOWS\SYSTEM32\dhcpcsvc6.DLL
0x72df0000 - 0x72e04000 	C:\WINDOWS\SYSTEM32\dhcpcsvc.DLL
0x6ced0000 - 0x6cf54000 	C:\WINDOWS\SYSTEM32\DNSAPI.dll
0x6cec0000 - 0x6cec8000 	C:\Windows\System32\rasadhlp.dll
0x70e30000 - 0x70e76000 	C:\WINDOWS\System32\fwpuclnt.dll
0x6cc50000 - 0x6cc63000 	C:\WINDOWS\system32\NLAapi.dll
0x6cc30000 - 0x6cc42000 	C:\WINDOWS\system32\napinsp.dll
0x6c020000 - 0x6c036000 	C:\WINDOWS\system32\pnrpnsp.dll
0x6cc20000 - 0x6cc2b000 	C:\WINDOWS\System32\winrnr.dll
0x54f20000 - 0x54f64000 	F:\AAAA\LTRP\plugins\streamer.DLL
0x35450000 - 0x3545d000 	F:\AAAA\LTRP\plugins\sscanf.DLL
0x54ee0000 - 0x54f1e000 	F:\AAAA\LTRP\plugins\mysql.DLL
0x363c0000 - 0x365fe000 	F:\AAAA\LTRP\libmysql.dll
0x35490000 - 0x354a0000 	F:\AAAA\LTRP\plugins\MapAndreas.DLL
0x354a0000 - 0x354ac000 	F:\AAAA\LTRP\plugins\Whirlpool.DLL
0x69980000 - 0x69a1b000 	C:\WINDOWS\WinSxS\x86_microsoft.vc80.crt_1fc8b3b9a1e18e3b_8.0.50727.9185_none_d0905a48442809b8\MSVCR80.dll
0x54e90000 - 0x54edf000 	F:\AAAA\LTRP\plugins\audio.DLL
0x54e20000 - 0x54e89000 	C:\WINDOWS\SYSTEM32\MSVCP100.dll
0x54e10000 - 0x54e1b000 	F:\AAAA\LTRP\plugins\FileManager.DLL
0x72a80000 - 0x72b05000 	C:\WINDOWS\SYSTEM32\MSVCP110.dll
0x72d10000 - 0x72de6000 	C:\WINDOWS\SYSTEM32\MSVCR110.dll
0x54a80000 - 0x54a8a000 	C:\Program Files (x86)\Java\jdk1.8.0_05\jre\bin\management.dll
0x73560000 - 0x7369f000 	C:\WINDOWS\SYSTEM32\dbghelp.dll

VM Arguments:
jvm_args: -Djava.library.path=./plugins -Xms32m -Xmx512m 
java_command: <unknown>
java_class_path (initial): ./shoebill/bootstrap/shoebill-launcher-1.1-SNAPSHOT.jar
Launcher Type: generic

Environment Variables:
JAVA_HOME=C:\Program Files (x86)\Java\jdk1.8.0_05
JRE_HOME=C:\Program Files (x86)\Java\jdk1.8.0_05\jre
PATH=C:\Program Files (x86)\Java\jdk1.8.0_05\jre\bin\server;C:\Program Files (x86)\Java\jdk1.8.0_05\jre\bin\server;C:\Program Files (x86)\Java\jdk1.8.0_05\jre\bin\server;C:\Program Files (x86)\Java\jdk1.8.0_05\jre\bin\server;C:\Program Files (x86)\Java\jdk1.8.0_05\jre\bin\server;C:\Program Files\Common Files\Microsoft Shared\Microsoft Online Services;C:\Program Files (x86)\Common Files\Microsoft Shared\Microsoft Online Services;C:\ProgramData\Oracle\Java\javapath;C:\Program Files (x86)\Common Files\Microsoft Shared\Windows Live;C:\Windows\system32;C:\Windows;C:\Windows\System32\Wbem;C:\Windows\System32\WindowsPowerShell\v1.0\;F:\Python;F:\wamp\bin\php\php5.5.12;C:\ProgramData\ComposerSetup\bin;F:\mingw32\bin\;C:\Program Files (x86)\SMLNJ\bin\;C:\Users\Justas\AppData\Roaming\Composer\vendor\bin;C:\Program Files (x86)\NVIDIA Corporation\PhysX\Common;C:\WINDOWS\system32;C:\WINDOWS;C:\WINDOWS\System32\Wbem;C:\WINDOWS\System32\WindowsPowerShell\v1.0\;F:\apache-maven-3.3.3\bin\;C:\Program Files (x86)\Skype\Phone\;H:;C:\WINDOWS\system32\config\systemprofile\.dnx\bin;C:\Program Files\Microsoft DNX\Dnvm\;C:\Program Files\Microsoft SQL Server\120\Tools\Binn\;C:\Program Files\Common Files\Microsoft Shared\Windows Live
USERNAME=Justas
OS=Windows_NT
PROCESSOR_IDENTIFIER=Intel64 Family 6 Model 42 Stepping 7, GenuineIntel



---------------  S Y S T E M  ---------------

OS: Windows 8 , 64 bit Build 9200 

CPU:total 8 (4 cores per cpu, 2 threads per core) family 6 model 42 stepping 7, cmov, cx8, fxsr, mmx, sse, sse2, sse3, ssse3, sse4.1, sse4.2, popcnt, avx, aes, clmul, ht, tsc, tscinvbit

Memory: 4k page, physical 8371508k(1971328k free), swap 16760116k(7147304k free)

vm_info: Java HotSpot(TM) Server VM (25.5-b02) for windows-x86 JRE (1.8.0_05-b13), built on Mar 18 2014 01:11:56 by "java_re" with MS VC++ 10.0 (VS2010)

time: Thu Nov 12 19:26:45 2015
elapsed time: 5 seconds

