[2015-11-12 17:56:52][INFO][ShoebillImpl] Could not find shoebill\log4j.xml file. The default configuration will be used.
[2015-11-12 17:56:52][INFO][ShoebillImpl] Shoebill Runtime 1.1-SNAPSHOT (for SA-MP 0.3.7)
[2015-11-12 17:56:52][INFO][ShoebillImpl] Build date: 2015-07-23 20:04:59 MESZ (+0200)
[2015-11-12 17:56:52][INFO][ShoebillImpl] System environment: Windows 8 (x86, 6.2)
[2015-11-12 17:56:52][INFO][ShoebillImpl] JVM: Java HotSpot(TM) Server VM 25.5-b02
[2015-11-12 17:56:52][INFO][ShoebillImpl] Java: Java Platform API Specification 1.8
[2015-11-12 18:36:59][INFO][ShoebillImpl] Could not find shoebill\log4j.xml file. The default configuration will be used.
[2015-11-12 18:36:59][INFO][ShoebillImpl] Shoebill Runtime 1.1-SNAPSHOT (for SA-MP 0.3.7)
[2015-11-12 18:36:59][INFO][ShoebillImpl] Build date: 2015-07-23 20:04:59 MESZ (+0200)
[2015-11-12 18:36:59][INFO][ShoebillImpl] System environment: Windows 8 (x86, 6.2)
[2015-11-12 18:36:59][INFO][ShoebillImpl] JVM: Java HotSpot(TM) Server VM 25.5-b02
[2015-11-12 18:36:59][INFO][ShoebillImpl] Java: Java Platform API Specification 1.8
[2015-11-12 18:37:00][INFO][ResourceManagerImpl] Load gamemode: LTRP
[2015-11-12 18:42:33][INFO][ShoebillImpl] Could not find shoebill\log4j.xml file. The default configuration will be used.
[2015-11-12 18:42:33][INFO][ShoebillImpl] Shoebill Runtime 1.1-SNAPSHOT (for SA-MP 0.3.7)
[2015-11-12 18:42:33][INFO][ShoebillImpl] Build date: 2015-07-23 20:04:59 MESZ (+0200)
[2015-11-12 18:42:33][INFO][ShoebillImpl] System environment: Windows 8 (x86, 6.2)
[2015-11-12 18:42:33][INFO][ShoebillImpl] JVM: Java HotSpot(TM) Server VM 25.5-b02
[2015-11-12 18:42:33][INFO][ShoebillImpl] Java: Java Platform API Specification 1.8
[2015-11-12 18:42:34][INFO][ResourceManagerImpl] Load gamemode: LTRP
[2015-11-12 18:45:26][INFO][ShoebillImpl] Could not find shoebill\log4j.xml file. The default configuration will be used.
[2015-11-12 18:45:26][INFO][ShoebillImpl] Shoebill Runtime 1.1-SNAPSHOT (for SA-MP 0.3.7)
[2015-11-12 18:45:26][INFO][ShoebillImpl] Build date: 2015-07-23 20:04:59 MESZ (+0200)
[2015-11-12 18:45:26][INFO][ShoebillImpl] System environment: Windows 8 (x86, 6.2)
[2015-11-12 18:45:26][INFO][ShoebillImpl] JVM: Java HotSpot(TM) Server VM 25.5-b02
[2015-11-12 18:45:26][INFO][ShoebillImpl] Java: Java Platform API Specification 1.8
[2015-11-12 18:45:26][INFO][ResourceManagerImpl] Load gamemode: LTRP
[2015-11-12 18:46:29][INFO][ShoebillImpl] Could not find shoebill\log4j.xml file. The default configuration will be used.
[2015-11-12 18:46:29][INFO][ShoebillImpl] Shoebill Runtime 1.1-SNAPSHOT (for SA-MP 0.3.7)
[2015-11-12 18:46:29][INFO][ShoebillImpl] Build date: 2015-07-23 20:04:59 MESZ (+0200)
[2015-11-12 18:46:29][INFO][ShoebillImpl] System environment: Windows 8 (x86, 6.2)
[2015-11-12 18:46:29][INFO][ShoebillImpl] JVM: Java HotSpot(TM) Server VM 25.5-b02
[2015-11-12 18:46:29][INFO][ShoebillImpl] Java: Java Platform API Specification 1.8
[2015-11-12 18:46:30][INFO][ResourceManagerImpl] Load gamemode: LTRP
[2015-11-12 18:47:40][INFO][ShoebillImpl] Could not find shoebill\log4j.xml file. The default configuration will be used.
[2015-11-12 18:47:40][INFO][ShoebillImpl] Shoebill Runtime 1.1-SNAPSHOT (for SA-MP 0.3.7)
[2015-11-12 18:47:40][INFO][ShoebillImpl] Build date: 2015-07-23 20:04:59 MESZ (+0200)
[2015-11-12 18:47:40][INFO][ShoebillImpl] System environment: Windows 8 (x86, 6.2)
[2015-11-12 18:47:40][INFO][ShoebillImpl] JVM: Java HotSpot(TM) Server VM 25.5-b02
[2015-11-12 18:47:40][INFO][ShoebillImpl] Java: Java Platform API Specification 1.8
[2015-11-12 18:47:41][INFO][ResourceManagerImpl] Load gamemode: LTRP
[2015-11-12 18:47:41][INFO][MLog] MLog clients using log4j logging.
[2015-11-12 18:49:06][INFO][ShoebillImpl] Could not find shoebill\log4j.xml file. The default configuration will be used.
[2015-11-12 18:49:06][INFO][ShoebillImpl] Shoebill Runtime 1.1-SNAPSHOT (for SA-MP 0.3.7)
[2015-11-12 18:49:06][INFO][ShoebillImpl] Build date: 2015-07-23 20:04:59 MESZ (+0200)
[2015-11-12 18:49:06][INFO][ShoebillImpl] System environment: Windows 8 (x86, 6.2)
[2015-11-12 18:49:06][INFO][ShoebillImpl] JVM: Java HotSpot(TM) Server VM 25.5-b02
[2015-11-12 18:49:06][INFO][ShoebillImpl] Java: Java Platform API Specification 1.8
[2015-11-12 18:49:06][INFO][ResourceManagerImpl] Load gamemode: LTRP
[2015-11-12 18:49:06][INFO][MLog] MLog clients using log4j logging.
[2015-11-12 18:50:18][INFO][ShoebillImpl] Could not find shoebill\log4j.xml file. The default configuration will be used.
[2015-11-12 18:50:18][INFO][ShoebillImpl] Shoebill Runtime 1.1-SNAPSHOT (for SA-MP 0.3.7)
[2015-11-12 18:50:18][INFO][ShoebillImpl] Build date: 2015-07-23 20:04:59 MESZ (+0200)
[2015-11-12 18:50:18][INFO][ShoebillImpl] System environment: Windows 8 (x86, 6.2)
[2015-11-12 18:50:18][INFO][ShoebillImpl] JVM: Java HotSpot(TM) Server VM 25.5-b02
[2015-11-12 18:50:18][INFO][ShoebillImpl] Java: Java Platform API Specification 1.8
[2015-11-12 18:50:18][INFO][ResourceManagerImpl] Load gamemode: LTRP
[2015-11-12 18:50:18][INFO][MLog] MLog clients using slf4j logging.
[2015-11-12 18:50:18][INFO][C3P0Registry] Initializing c3p0-0.9.5.1 [built 16-June-2015 00:06:36 -0700; debug? true; trace: 10]
[2015-11-12 18:50:18][INFO][out] JDBCDAO initialized
[2015-11-12 18:50:18][INFO][out] Pawn functions added
[2015-11-12 18:50:18][INFO][out] PawnCallbacks :: constructor
[2015-11-12 18:50:26][INFO][AbstractPoolBackedDataSource] Initializing c3p0 pool... com.mchange.v2.c3p0.ComboPooledDataSource [ acquireIncrement -> 3, acquireRetryAttempts -> 30, acquireRetryDelay -> 1000, autoCommitOnClose -> false, automaticTestTable -> null, breakAfterAcquireFailure -> false, checkoutTimeout -> 0, connectionCustomizerClassName -> null, connectionTesterClassName -> com.mchange.v2.c3p0.impl.DefaultConnectionTester, contextClassLoaderSource -> caller, dataSourceName -> 1hgeby99c1y377801widlyf|96bacf, debugUnreturnedConnectionStackTraces -> false, description -> null, driverClass -> com.mysql.jdbc.Driver, extensions -> {}, factoryClassLocation -> null, forceIgnoreUnresolvedTransactions -> false, forceSynchronousCheckins -> false, forceUseNamedDriverClass -> false, identityToken -> 1hgeby99c1y377801widlyf|96bacf, idleConnectionTestPeriod -> 0, initialPoolSize -> 3, jdbcUrl -> jdbc:mysql://localhost:3306/ltrp, maxAdministrativeTaskTime -> 0, maxConnectionAge -> 0, maxIdleTime -> 0, maxIdleTimeExcessConnections -> 0, maxPoolSize -> 6, maxStatements -> 0, maxStatementsPerConnection -> 0, minPoolSize -> 1, numHelperThreads -> 3, preferredTestQuery -> null, privilegeSpawnedThreads -> false, properties -> {user=******, password=******}, propertyCycle -> 0, statementCacheNumDeferredCloseThreads -> 0, testConnectionOnCheckin -> false, testConnectionOnCheckout -> false, unreturnedConnectionTimeout -> 0, userOverrides -> {}, usesTraditionalReflectiveProxies -> false ]
[2015-11-12 18:50:57][WARN][BasicResourcePool] com.mchange.v2.resourcepool.BasicResourcePool$ScatteredAcquireTask@d74b0 -- Acquisition Attempt Failed!!! Clearing pending acquires. While trying to acquire a needed new resource, we failed to succeed more than the maximum number of allowed acquisition attempts (30). Last acquisition attempt exception: 
com.mysql.jdbc.exceptions.jdbc4.MySQLSyntaxErrorException: Unknown database 'ltrp'
	at sun.reflect.GeneratedConstructorAccessor28.newInstance(Unknown Source)
	at sun.reflect.DelegatingConstructorAccessorImpl.newInstance(DelegatingConstructorAccessorImpl.java:45)
	at java.lang.reflect.Constructor.newInstance(Constructor.java:408)
	at com.mysql.jdbc.Util.handleNewInstance(Util.java:389)
	at com.mysql.jdbc.Util.getInstance(Util.java:372)
	at com.mysql.jdbc.SQLError.createSQLException(SQLError.java:980)
	at com.mysql.jdbc.MysqlIO.checkErrorPacket(MysqlIO.java:3835)
	at com.mysql.jdbc.MysqlIO.checkErrorPacket(MysqlIO.java:3771)
	at com.mysql.jdbc.MysqlIO.checkErrorPacket(MysqlIO.java:870)
	at com.mysql.jdbc.MysqlIO.proceedHandshakeWithPluggableAuthentication(MysqlIO.java:1659)
	at com.mysql.jdbc.MysqlIO.doHandshake(MysqlIO.java:1206)
	at com.mysql.jdbc.ConnectionImpl.coreConnect(ConnectionImpl.java:2239)
	at com.mysql.jdbc.ConnectionImpl.connectOneTryOnly(ConnectionImpl.java:2270)
	at com.mysql.jdbc.ConnectionImpl.createNewIO(ConnectionImpl.java:2069)
	at com.mysql.jdbc.ConnectionImpl.<init>(ConnectionImpl.java:794)
	at com.mysql.jdbc.JDBC4Connection.<init>(JDBC4Connection.java:44)
	at sun.reflect.GeneratedConstructorAccessor20.newInstance(Unknown Source)
	at sun.reflect.DelegatingConstructorAccessorImpl.newInstance(DelegatingConstructorAccessorImpl.java:45)
	at java.lang.reflect.Constructor.newInstance(Constructor.java:408)
	at com.mysql.jdbc.Util.handleNewInstance(Util.java:389)
	at com.mysql.jdbc.ConnectionImpl.getInstance(ConnectionImpl.java:399)
	at com.mysql.jdbc.NonRegisteringDriver.connect(NonRegisteringDriver.java:325)
	at com.mchange.v2.c3p0.DriverManagerDataSource.getConnection(DriverManagerDataSource.java:175)
	at com.mchange.v2.c3p0.WrapperConnectionPoolDataSource.getPooledConnection(WrapperConnectionPoolDataSource.java:220)
	at com.mchange.v2.c3p0.WrapperConnectionPoolDataSource.getPooledConnection(WrapperConnectionPoolDataSource.java:206)
	at com.mchange.v2.c3p0.impl.C3P0PooledConnectionPool$1PooledConnectionResourcePoolManager.acquireResource(C3P0PooledConnectionPool.java:203)
	at com.mchange.v2.resourcepool.BasicResourcePool.doAcquire(BasicResourcePool.java:1138)
	at com.mchange.v2.resourcepool.BasicResourcePool.doAcquireAndDecrementPendingAcquiresWithinLockOnSuccess(BasicResourcePool.java:1125)
	at com.mchange.v2.resourcepool.BasicResourcePool.access$700(BasicResourcePool.java:44)
	at com.mchange.v2.resourcepool.BasicResourcePool$ScatteredAcquireTask.run(BasicResourcePool.java:1870)
	at com.mchange.v2.async.ThreadPoolAsynchronousRunner$PoolThread.run(ThreadPoolAsynchronousRunner.java:696)
[2015-11-12 18:50:57][WARN][BasicResourcePool] com.mchange.v2.resourcepool.BasicResourcePool$ScatteredAcquireTask@1a870a4 -- Acquisition Attempt Failed!!! Clearing pending acquires. While trying to acquire a needed new resource, we failed to succeed more than the maximum number of allowed acquisition attempts (30). Last acquisition attempt exception: 
com.mysql.jdbc.exceptions.jdbc4.MySQLSyntaxErrorException: Unknown database 'ltrp'
	at sun.reflect.GeneratedConstructorAccessor28.newInstance(Unknown Source)
	at sun.reflect.DelegatingConstructorAccessorImpl.newInstance(DelegatingConstructorAccessorImpl.java:45)
	at java.lang.reflect.Constructor.newInstance(Constructor.java:408)
	at com.mysql.jdbc.Util.handleNewInstance(Util.java:389)
	at com.mysql.jdbc.Util.getInstance(Util.java:372)
	at com.mysql.jdbc.SQLError.createSQLException(SQLError.java:980)
	at com.mysql.jdbc.MysqlIO.checkErrorPacket(MysqlIO.java:3835)
	at com.mysql.jdbc.MysqlIO.checkErrorPacket(MysqlIO.java:3771)
	at com.mysql.jdbc.MysqlIO.checkErrorPacket(MysqlIO.java:870)
	at com.mysql.jdbc.MysqlIO.proceedHandshakeWithPluggableAuthentication(MysqlIO.java:1659)
	at com.mysql.jdbc.MysqlIO.doHandshake(MysqlIO.java:1206)
	at com.mysql.jdbc.ConnectionImpl.coreConnect(ConnectionImpl.java:2239)
	at com.mysql.jdbc.ConnectionImpl.connectOneTryOnly(ConnectionImpl.java:2270)
	at com.mysql.jdbc.ConnectionImpl.createNewIO(ConnectionImpl.java:2069)
	at com.mysql.jdbc.ConnectionImpl.<init>(ConnectionImpl.java:794)
	at com.mysql.jdbc.JDBC4Connection.<init>(JDBC4Connection.java:44)
	at sun.reflect.GeneratedConstructorAccessor20.newInstance(Unknown Source)
	at sun.reflect.DelegatingConstructorAccessorImpl.newInstance(DelegatingConstructorAccessorImpl.java:45)
	at java.lang.reflect.Constructor.newInstance(Constructor.java:408)
	at com.mysql.jdbc.Util.handleNewInstance(Util.java:389)
	at com.mysql.jdbc.ConnectionImpl.getInstance(ConnectionImpl.java:399)
	at com.mysql.jdbc.NonRegisteringDriver.connect(NonRegisteringDriver.java:325)
	at com.mchange.v2.c3p0.DriverManagerDataSource.getConnection(DriverManagerDataSource.java:175)
	at com.mchange.v2.c3p0.WrapperConnectionPoolDataSource.getPooledConnection(WrapperConnectionPoolDataSource.java:220)
	at com.mchange.v2.c3p0.WrapperConnectionPoolDataSource.getPooledConnection(WrapperConnectionPoolDataSource.java:206)
	at com.mchange.v2.c3p0.impl.C3P0PooledConnectionPool$1PooledConnectionResourcePoolManager.acquireResource(C3P0PooledConnectionPool.java:203)
	at com.mchange.v2.resourcepool.BasicResourcePool.doAcquire(BasicResourcePool.java:1138)
	at com.mchange.v2.resourcepool.BasicResourcePool.doAcquireAndDecrementPendingAcquiresWithinLockOnSuccess(BasicResourcePool.java:1125)
	at com.mchange.v2.resourcepool.BasicResourcePool.access$700(BasicResourcePool.java:44)
	at com.mchange.v2.resourcepool.BasicResourcePool$ScatteredAcquireTask.run(BasicResourcePool.java:1870)
	at com.mchange.v2.async.ThreadPoolAsynchronousRunner$PoolThread.run(ThreadPoolAsynchronousRunner.java:696)
[2015-11-12 18:50:57][WARN][BasicResourcePool] com.mchange.v2.resourcepool.BasicResourcePool$ScatteredAcquireTask@1715f4f -- Acquisition Attempt Failed!!! Clearing pending acquires. While trying to acquire a needed new resource, we failed to succeed more than the maximum number of allowed acquisition attempts (30). Last acquisition attempt exception: 
com.mysql.jdbc.exceptions.jdbc4.MySQLSyntaxErrorException: Unknown database 'ltrp'
	at sun.reflect.GeneratedConstructorAccessor28.newInstance(Unknown Source)
	at sun.reflect.DelegatingConstructorAccessorImpl.newInstance(DelegatingConstructorAccessorImpl.java:45)
	at java.lang.reflect.Constructor.newInstance(Constructor.java:408)
	at com.mysql.jdbc.Util.handleNewInstance(Util.java:389)
	at com.mysql.jdbc.Util.getInstance(Util.java:372)
	at com.mysql.jdbc.SQLError.createSQLException(SQLError.java:980)
	at com.mysql.jdbc.MysqlIO.checkErrorPacket(MysqlIO.java:3835)
	at com.mysql.jdbc.MysqlIO.checkErrorPacket(MysqlIO.java:3771)
	at com.mysql.jdbc.MysqlIO.checkErrorPacket(MysqlIO.java:870)
	at com.mysql.jdbc.MysqlIO.proceedHandshakeWithPluggableAuthentication(MysqlIO.java:1659)
	at com.mysql.jdbc.MysqlIO.doHandshake(MysqlIO.java:1206)
	at com.mysql.jdbc.ConnectionImpl.coreConnect(ConnectionImpl.java:2239)
	at com.mysql.jdbc.ConnectionImpl.connectOneTryOnly(ConnectionImpl.java:2270)
	at com.mysql.jdbc.ConnectionImpl.createNewIO(ConnectionImpl.java:2069)
	at com.mysql.jdbc.ConnectionImpl.<init>(ConnectionImpl.java:794)
	at com.mysql.jdbc.JDBC4Connection.<init>(JDBC4Connection.java:44)
	at sun.reflect.GeneratedConstructorAccessor20.newInstance(Unknown Source)
	at sun.reflect.DelegatingConstructorAccessorImpl.newInstance(DelegatingConstructorAccessorImpl.java:45)
	at java.lang.reflect.Constructor.newInstance(Constructor.java:408)
	at com.mysql.jdbc.Util.handleNewInstance(Util.java:389)
	at com.mysql.jdbc.ConnectionImpl.getInstance(ConnectionImpl.java:399)
	at com.mysql.jdbc.NonRegisteringDriver.connect(NonRegisteringDriver.java:325)
	at com.mchange.v2.c3p0.DriverManagerDataSource.getConnection(DriverManagerDataSource.java:175)
	at com.mchange.v2.c3p0.WrapperConnectionPoolDataSource.getPooledConnection(WrapperConnectionPoolDataSource.java:220)
	at com.mchange.v2.c3p0.WrapperConnectionPoolDataSource.getPooledConnection(WrapperConnectionPoolDataSource.java:206)
	at com.mchange.v2.c3p0.impl.C3P0PooledConnectionPool$1PooledConnectionResourcePoolManager.acquireResource(C3P0PooledConnectionPool.java:203)
	at com.mchange.v2.resourcepool.BasicResourcePool.doAcquire(BasicResourcePool.java:1138)
	at com.mchange.v2.resourcepool.BasicResourcePool.doAcquireAndDecrementPendingAcquiresWithinLockOnSuccess(BasicResourcePool.java:1125)
	at com.mchange.v2.resourcepool.BasicResourcePool.access$700(BasicResourcePool.java:44)
	at com.mchange.v2.resourcepool.BasicResourcePool$ScatteredAcquireTask.run(BasicResourcePool.java:1870)
	at com.mchange.v2.async.ThreadPoolAsynchronousRunner$PoolThread.run(ThreadPoolAsynchronousRunner.java:696)
[2015-11-12 18:50:57][WARN][BasicResourcePool] Having failed to acquire a resource, com.mchange.v2.resourcepool.BasicResourcePool@d9b808 is interrupting all Threads waiting on a resource to check out. Will try again in response to new client requests.
[2015-11-12 18:50:57][WARN][BasicResourcePool] Having failed to acquire a resource, com.mchange.v2.resourcepool.BasicResourcePool@d9b808 is interrupting all Threads waiting on a resource to check out. Will try again in response to new client requests.
[2015-11-12 18:50:57][WARN][BasicResourcePool] Having failed to acquire a resource, com.mchange.v2.resourcepool.BasicResourcePool@d9b808 is interrupting all Threads waiting on a resource to check out. Will try again in response to new client requests.
[2015-11-12 18:51:52][INFO][ShoebillImpl] Could not find shoebill\log4j.xml file. The default configuration will be used.
[2015-11-12 18:51:52][INFO][ShoebillImpl] Shoebill Runtime 1.1-SNAPSHOT (for SA-MP 0.3.7)
[2015-11-12 18:51:52][INFO][ShoebillImpl] Build date: 2015-07-23 20:04:59 MESZ (+0200)
[2015-11-12 18:51:52][INFO][ShoebillImpl] System environment: Windows 8 (x86, 6.2)
[2015-11-12 18:51:52][INFO][ShoebillImpl] JVM: Java HotSpot(TM) Server VM 25.5-b02
[2015-11-12 18:51:52][INFO][ShoebillImpl] Java: Java Platform API Specification 1.8
[2015-11-12 18:51:52][INFO][ResourceManagerImpl] Load gamemode: LTRP
[2015-11-12 18:51:52][INFO][MLog] MLog clients using slf4j logging.
[2015-11-12 18:51:52][INFO][C3P0Registry] Initializing c3p0-0.9.5.1 [built 16-June-2015 00:06:36 -0700; debug? true; trace: 10]
[2015-11-12 18:51:52][INFO][out] JDBCDAO initialized
[2015-11-12 18:51:52][INFO][out] Pawn functions added
[2015-11-12 18:51:52][INFO][out] PawnCallbacks :: constructor
[2015-11-12 18:51:54][INFO][AbstractPoolBackedDataSource] Initializing c3p0 pool... com.mchange.v2.c3p0.ComboPooledDataSource [ acquireIncrement -> 3, acquireRetryAttempts -> 30, acquireRetryDelay -> 1000, autoCommitOnClose -> false, automaticTestTable -> null, breakAfterAcquireFailure -> false, checkoutTimeout -> 0, connectionCustomizerClassName -> null, connectionTesterClassName -> com.mchange.v2.c3p0.impl.DefaultConnectionTester, contextClassLoaderSource -> caller, dataSourceName -> 1hgeby99c1y397lk13pfkd|96bacf, debugUnreturnedConnectionStackTraces -> false, description -> null, driverClass -> com.mysql.jdbc.Driver, extensions -> {}, factoryClassLocation -> null, forceIgnoreUnresolvedTransactions -> false, forceSynchronousCheckins -> false, forceUseNamedDriverClass -> false, identityToken -> 1hgeby99c1y397lk13pfkd|96bacf, idleConnectionTestPeriod -> 0, initialPoolSize -> 3, jdbcUrl -> jdbc:mysql://localhost:3306/ltrp-property-modules, maxAdministrativeTaskTime -> 0, maxConnectionAge -> 0, maxIdleTime -> 0, maxIdleTimeExcessConnections -> 0, maxPoolSize -> 6, maxStatements -> 0, maxStatementsPerConnection -> 0, minPoolSize -> 1, numHelperThreads -> 3, preferredTestQuery -> null, privilegeSpawnedThreads -> false, properties -> {user=******, password=******}, propertyCycle -> 0, statementCacheNumDeferredCloseThreads -> 0, testConnectionOnCheckin -> false, testConnectionOnCheckout -> false, unreturnedConnectionTimeout -> 0, userOverrides -> {}, usesTraditionalReflectiveProxies -> false ]
[2015-11-12 19:02:23][INFO][ShoebillImpl] Could not find shoebill\log4j.xml file. The default configuration will be used.
[2015-11-12 19:02:23][INFO][ShoebillImpl] Shoebill Runtime 1.1-SNAPSHOT (for SA-MP 0.3.7)
[2015-11-12 19:02:23][INFO][ShoebillImpl] Build date: 2015-07-23 20:04:59 MESZ (+0200)
[2015-11-12 19:02:23][INFO][ShoebillImpl] System environment: Windows 8 (x86, 6.2)
[2015-11-12 19:02:23][INFO][ShoebillImpl] JVM: Java HotSpot(TM) Server VM 25.5-b02
[2015-11-12 19:02:23][INFO][ShoebillImpl] Java: Java Platform API Specification 1.8
[2015-11-12 19:02:24][INFO][ResourceManagerImpl] Load gamemode: LTRP
[2015-11-12 19:02:24][INFO][MLog] MLog clients using slf4j logging.
[2015-11-12 19:02:24][INFO][C3P0Registry] Initializing c3p0-0.9.5.1 [built 16-June-2015 00:06:36 -0700; debug? true; trace: 10]
[2015-11-12 19:02:24][INFO][out] JDBCDAO initialized
[2015-11-12 19:02:24][INFO][out] Pawn functions added
[2015-11-12 19:02:24][INFO][out] PawnCallbacks :: constructor
[2015-11-12 19:02:26][INFO][AbstractPoolBackedDataSource] Initializing c3p0 pool... com.mchange.v2.c3p0.ComboPooledDataSource [ acquireIncrement -> 3, acquireRetryAttempts -> 30, acquireRetryDelay -> 1000, autoCommitOnClose -> false, automaticTestTable -> null, breakAfterAcquireFailure -> false, checkoutTimeout -> 0, connectionCustomizerClassName -> null, connectionTesterClassName -> com.mchange.v2.c3p0.impl.DefaultConnectionTester, contextClassLoaderSource -> caller, dataSourceName -> 1hgeby99c1y3mr5k1llt1uq|96bacf, debugUnreturnedConnectionStackTraces -> false, description -> null, driverClass -> com.mysql.jdbc.Driver, extensions -> {}, factoryClassLocation -> null, forceIgnoreUnresolvedTransactions -> false, forceSynchronousCheckins -> false, forceUseNamedDriverClass -> false, identityToken -> 1hgeby99c1y3mr5k1llt1uq|96bacf, idleConnectionTestPeriod -> 0, initialPoolSize -> 3, jdbcUrl -> jdbc:mysql://localhost:3306/ltrp-java, maxAdministrativeTaskTime -> 0, maxConnectionAge -> 0, maxIdleTime -> 0, maxIdleTimeExcessConnections -> 0, maxPoolSize -> 6, maxStatements -> 0, maxStatementsPerConnection -> 0, minPoolSize -> 1, numHelperThreads -> 3, preferredTestQuery -> null, privilegeSpawnedThreads -> false, properties -> {user=******, password=******}, propertyCycle -> 0, statementCacheNumDeferredCloseThreads -> 0, testConnectionOnCheckin -> false, testConnectionOnCheckout -> false, unreturnedConnectionTimeout -> 0, userOverrides -> {}, usesTraditionalReflectiveProxies -> false ]
[2015-11-12 19:04:57][INFO][ShoebillImpl] Could not find shoebill\log4j.xml file. The default configuration will be used.
[2015-11-12 19:04:57][INFO][ShoebillImpl] Shoebill Runtime 1.1-SNAPSHOT (for SA-MP 0.3.7)
[2015-11-12 19:04:57][INFO][ShoebillImpl] Build date: 2015-07-23 20:04:59 MESZ (+0200)
[2015-11-12 19:04:57][INFO][ShoebillImpl] System environment: Windows 8 (x86, 6.2)
[2015-11-12 19:04:57][INFO][ShoebillImpl] JVM: Java HotSpot(TM) Server VM 25.5-b02
[2015-11-12 19:04:57][INFO][ShoebillImpl] Java: Java Platform API Specification 1.8
[2015-11-12 19:04:58][INFO][ResourceManagerImpl] Load gamemode: LTRP
[2015-11-12 19:04:58][INFO][MLog] MLog clients using slf4j logging.
[2015-11-12 19:04:58][INFO][C3P0Registry] Initializing c3p0-0.9.5.1 [built 16-June-2015 00:06:36 -0700; debug? true; trace: 10]
[2015-11-12 19:04:58][INFO][out] JDBCDAO initialized
[2015-11-12 19:04:58][INFO][out] Pawn functions added
[2015-11-12 19:04:58][INFO][out] PawnCallbacks :: constructor
[2015-11-12 19:05:51][INFO][AbstractPoolBackedDataSource] Initializing c3p0 pool... com.mchange.v2.c3p0.ComboPooledDataSource [ acquireIncrement -> 3, acquireRetryAttempts -> 30, acquireRetryDelay -> 1000, autoCommitOnClose -> false, automaticTestTable -> null, breakAfterAcquireFailure -> false, checkoutTimeout -> 0, connectionCustomizerClassName -> null, connectionTesterClassName -> com.mchange.v2.c3p0.impl.DefaultConnectionTester, contextClassLoaderSource -> caller, dataSourceName -> 1hgeby99c1y3q21l5klq02|96bacf, debugUnreturnedConnectionStackTraces -> false, description -> null, driverClass -> com.mysql.jdbc.Driver, extensions -> {}, factoryClassLocation -> null, forceIgnoreUnresolvedTransactions -> false, forceSynchronousCheckins -> false, forceUseNamedDriverClass -> false, identityToken -> 1hgeby99c1y3q21l5klq02|96bacf, idleConnectionTestPeriod -> 0, initialPoolSize -> 3, jdbcUrl -> jdbc:mysql://localhost:3306/ltrp-java, maxAdministrativeTaskTime -> 0, maxConnectionAge -> 0, maxIdleTime -> 0, maxIdleTimeExcessConnections -> 0, maxPoolSize -> 6, maxStatements -> 0, maxStatementsPerConnection -> 0, minPoolSize -> 1, numHelperThreads -> 3, preferredTestQuery -> null, privilegeSpawnedThreads -> false, properties -> {user=******, password=******}, propertyCycle -> 0, statementCacheNumDeferredCloseThreads -> 0, testConnectionOnCheckin -> false, testConnectionOnCheckout -> false, unreturnedConnectionTimeout -> 0, userOverrides -> {}, usesTraditionalReflectiveProxies -> false ]
[2015-11-12 19:08:24][INFO][ShoebillImpl] Could not find shoebill\log4j.xml file. The default configuration will be used.
[2015-11-12 19:08:24][INFO][ShoebillImpl] Shoebill Runtime 1.1-SNAPSHOT (for SA-MP 0.3.7)
[2015-11-12 19:08:24][INFO][ShoebillImpl] Build date: 2015-07-23 20:04:59 MESZ (+0200)
[2015-11-12 19:08:24][INFO][ShoebillImpl] System environment: Windows 8 (x86, 6.2)
[2015-11-12 19:08:24][INFO][ShoebillImpl] JVM: Java HotSpot(TM) Server VM 25.5-b02
[2015-11-12 19:08:24][INFO][ShoebillImpl] Java: Java Platform API Specification 1.8
[2015-11-12 19:08:24][INFO][ResourceManagerImpl] Load gamemode: LTRP
[2015-11-12 19:08:24][INFO][MLog] MLog clients using slf4j logging.
[2015-11-12 19:08:24][INFO][C3P0Registry] Initializing c3p0-0.9.5.1 [built 16-June-2015 00:06:36 -0700; debug? true; trace: 10]
[2015-11-12 19:08:24][INFO][out] JDBCDAO initialized
[2015-11-12 19:08:24][INFO][out] Pawn functions added
[2015-11-12 19:08:24][INFO][out] PawnCallbacks :: constructor
[2015-11-12 19:08:34][INFO][AbstractPoolBackedDataSource] Initializing c3p0 pool... com.mchange.v2.c3p0.ComboPooledDataSource [ acquireIncrement -> 3, acquireRetryAttempts -> 30, acquireRetryDelay -> 1000, autoCommitOnClose -> false, automaticTestTable -> null, breakAfterAcquireFailure -> false, checkoutTimeout -> 0, connectionCustomizerClassName -> null, connectionTesterClassName -> com.mchange.v2.c3p0.impl.DefaultConnectionTester, contextClassLoaderSource -> caller, dataSourceName -> 1hgeby99c1y3uhfiyop1t1|96bacf, debugUnreturnedConnectionStackTraces -> false, description -> null, driverClass -> com.mysql.jdbc.Driver, extensions -> {}, factoryClassLocation -> null, forceIgnoreUnresolvedTransactions -> false, forceSynchronousCheckins -> false, forceUseNamedDriverClass -> false, identityToken -> 1hgeby99c1y3uhfiyop1t1|96bacf, idleConnectionTestPeriod -> 0, initialPoolSize -> 3, jdbcUrl -> jdbc:mysql://localhost:3306/ltrp-java, maxAdministrativeTaskTime -> 0, maxConnectionAge -> 0, maxIdleTime -> 0, maxIdleTimeExcessConnections -> 0, maxPoolSize -> 6, maxStatements -> 0, maxStatementsPerConnection -> 0, minPoolSize -> 1, numHelperThreads -> 3, preferredTestQuery -> null, privilegeSpawnedThreads -> false, properties -> {user=******, password=******}, propertyCycle -> 0, statementCacheNumDeferredCloseThreads -> 0, testConnectionOnCheckin -> false, testConnectionOnCheckout -> false, unreturnedConnectionTimeout -> 0, userOverrides -> {}, usesTraditionalReflectiveProxies -> false ]
[2015-11-12 19:13:33][INFO][ShoebillImpl] Could not find shoebill\log4j.xml file. The default configuration will be used.
[2015-11-12 19:13:33][INFO][ShoebillImpl] Shoebill Runtime 1.1-SNAPSHOT (for SA-MP 0.3.7)
[2015-11-12 19:13:33][INFO][ShoebillImpl] Build date: 2015-07-23 20:04:59 MESZ (+0200)
[2015-11-12 19:13:33][INFO][ShoebillImpl] System environment: Windows 8 (x86, 6.2)
[2015-11-12 19:13:33][INFO][ShoebillImpl] JVM: Java HotSpot(TM) Server VM 25.5-b02
[2015-11-12 19:13:33][INFO][ShoebillImpl] Java: Java Platform API Specification 1.8
[2015-11-12 19:13:34][INFO][ResourceManagerImpl] Load gamemode: LTRP
[2015-11-12 19:13:34][INFO][MLog] MLog clients using slf4j logging.
[2015-11-12 19:13:34][INFO][C3P0Registry] Initializing c3p0-0.9.5.1 [built 16-June-2015 00:06:36 -0700; debug? true; trace: 10]
[2015-11-12 19:13:34][INFO][out] JDBCDAO initialized
[2015-11-12 19:13:34][INFO][out] Pawn functions added
[2015-11-12 19:13:34][INFO][out] PawnCallbacks :: constructor
[2015-11-12 19:14:03][INFO][AbstractPoolBackedDataSource] Initializing c3p0 pool... com.mchange.v2.c3p0.ComboPooledDataSource [ acquireIncrement -> 3, acquireRetryAttempts -> 30, acquireRetryDelay -> 1000, autoCommitOnClose -> false, automaticTestTable -> null, breakAfterAcquireFailure -> false, checkoutTimeout -> 0, connectionCustomizerClassName -> null, connectionTesterClassName -> com.mchange.v2.c3p0.impl.DefaultConnectionTester, contextClassLoaderSource -> caller, dataSourceName -> 1hgeby99c1y4148262pepi|96bacf, debugUnreturnedConnectionStackTraces -> false, description -> null, driverClass -> com.mysql.jdbc.Driver, extensions -> {}, factoryClassLocation -> null, forceIgnoreUnresolvedTransactions -> false, forceSynchronousCheckins -> false, forceUseNamedDriverClass -> false, identityToken -> 1hgeby99c1y4148262pepi|96bacf, idleConnectionTestPeriod -> 0, initialPoolSize -> 3, jdbcUrl -> jdbc:mysql://localhost:3306/ltrp-java, maxAdministrativeTaskTime -> 0, maxConnectionAge -> 0, maxIdleTime -> 0, maxIdleTimeExcessConnections -> 0, maxPoolSize -> 6, maxStatements -> 0, maxStatementsPerConnection -> 0, minPoolSize -> 1, numHelperThreads -> 3, preferredTestQuery -> null, privilegeSpawnedThreads -> false, properties -> {user=******, password=******}, propertyCycle -> 0, statementCacheNumDeferredCloseThreads -> 0, testConnectionOnCheckin -> false, testConnectionOnCheckout -> false, unreturnedConnectionTimeout -> 0, userOverrides -> {}, usesTraditionalReflectiveProxies -> false ]
[2015-11-12 19:14:40][INFO][ShoebillImpl] Could not find shoebill\log4j.xml file. The default configuration will be used.
[2015-11-12 19:14:40][INFO][ShoebillImpl] Shoebill Runtime 1.1-SNAPSHOT (for SA-MP 0.3.7)
[2015-11-12 19:14:40][INFO][ShoebillImpl] Build date: 2015-07-23 20:04:59 MESZ (+0200)
[2015-11-12 19:14:40][INFO][ShoebillImpl] System environment: Windows 8 (x86, 6.2)
[2015-11-12 19:14:40][INFO][ShoebillImpl] JVM: Java HotSpot(TM) Server VM 25.5-b02
[2015-11-12 19:14:40][INFO][ShoebillImpl] Java: Java Platform API Specification 1.8
[2015-11-12 19:14:40][INFO][ResourceManagerImpl] Load gamemode: LTRP
[2015-11-12 19:14:40][INFO][MLog] MLog clients using slf4j logging.
[2015-11-12 19:14:40][INFO][C3P0Registry] Initializing c3p0-0.9.5.1 [built 16-June-2015 00:06:36 -0700; debug? true; trace: 10]
[2015-11-12 19:14:40][INFO][out] JDBCDAO initialized
[2015-11-12 19:14:40][INFO][out] Pawn functions added
[2015-11-12 19:14:40][INFO][out] PawnCallbacks :: constructor
[2015-11-12 19:15:23][INFO][AbstractPoolBackedDataSource] Initializing c3p0 pool... com.mchange.v2.c3p0.ComboPooledDataSource [ acquireIncrement -> 3, acquireRetryAttempts -> 30, acquireRetryDelay -> 1000, autoCommitOnClose -> false, automaticTestTable -> null, breakAfterAcquireFailure -> false, checkoutTimeout -> 0, connectionCustomizerClassName -> null, connectionTesterClassName -> com.mchange.v2.c3p0.impl.DefaultConnectionTester, contextClassLoaderSource -> caller, dataSourceName -> 1hgeby99c1y42jbt1atuqj3|96bacf, debugUnreturnedConnectionStackTraces -> false, description -> null, driverClass -> com.mysql.jdbc.Driver, extensions -> {}, factoryClassLocation -> null, forceIgnoreUnresolvedTransactions -> false, forceSynchronousCheckins -> false, forceUseNamedDriverClass -> false, identityToken -> 1hgeby99c1y42jbt1atuqj3|96bacf, idleConnectionTestPeriod -> 0, initialPoolSize -> 3, jdbcUrl -> jdbc:mysql://localhost:3306/ltrp-java, maxAdministrativeTaskTime -> 0, maxConnectionAge -> 0, maxIdleTime -> 0, maxIdleTimeExcessConnections -> 0, maxPoolSize -> 6, maxStatements -> 0, maxStatementsPerConnection -> 0, minPoolSize -> 1, numHelperThreads -> 3, preferredTestQuery -> null, privilegeSpawnedThreads -> false, properties -> {user=******, password=******}, propertyCycle -> 0, statementCacheNumDeferredCloseThreads -> 0, testConnectionOnCheckin -> false, testConnectionOnCheckout -> false, unreturnedConnectionTimeout -> 0, userOverrides -> {}, usesTraditionalReflectiveProxies -> false ]
[2015-11-12 19:16:14][INFO][ShoebillImpl] Could not find shoebill\log4j.xml file. The default configuration will be used.
[2015-11-12 19:16:14][INFO][ShoebillImpl] Shoebill Runtime 1.1-SNAPSHOT (for SA-MP 0.3.7)
[2015-11-12 19:16:14][INFO][ShoebillImpl] Build date: 2015-07-23 20:04:59 MESZ (+0200)
[2015-11-12 19:16:14][INFO][ShoebillImpl] System environment: Windows 8 (x86, 6.2)
[2015-11-12 19:16:14][INFO][ShoebillImpl] JVM: Java HotSpot(TM) Server VM 25.5-b02
[2015-11-12 19:16:14][INFO][ShoebillImpl] Java: Java Platform API Specification 1.8
[2015-11-12 19:16:14][INFO][ResourceManagerImpl] Load gamemode: LTRP
[2015-11-12 19:16:14][INFO][MLog] MLog clients using slf4j logging.
[2015-11-12 19:16:14][INFO][C3P0Registry] Initializing c3p0-0.9.5.1 [built 16-June-2015 00:06:36 -0700; debug? true; trace: 10]
[2015-11-12 19:16:14][INFO][out] JDBCDAO initialized
[2015-11-12 19:16:14][INFO][out] Pawn functions added
[2015-11-12 19:16:14][INFO][out] PawnCallbacks :: constructor
[2015-11-12 19:16:22][INFO][AbstractPoolBackedDataSource] Initializing c3p0 pool... com.mchange.v2.c3p0.ComboPooledDataSource [ acquireIncrement -> 3, acquireRetryAttempts -> 30, acquireRetryDelay -> 1000, autoCommitOnClose -> false, automaticTestTable -> null, breakAfterAcquireFailure -> false, checkoutTimeout -> 0, connectionCustomizerClassName -> null, connectionTesterClassName -> com.mchange.v2.c3p0.impl.DefaultConnectionTester, contextClassLoaderSource -> caller, dataSourceName -> 1hgeby99c1y44jx5afctnr|96bacf, debugUnreturnedConnectionStackTraces -> false, description -> null, driverClass -> com.mysql.jdbc.Driver, extensions -> {}, factoryClassLocation -> null, forceIgnoreUnresolvedTransactions -> false, forceSynchronousCheckins -> false, forceUseNamedDriverClass -> false, identityToken -> 1hgeby99c1y44jx5afctnr|96bacf, idleConnectionTestPeriod -> 0, initialPoolSize -> 3, jdbcUrl -> jdbc:mysql://localhost:3306/ltrp-java, maxAdministrativeTaskTime -> 0, maxConnectionAge -> 0, maxIdleTime -> 0, maxIdleTimeExcessConnections -> 0, maxPoolSize -> 6, maxStatements -> 0, maxStatementsPerConnection -> 0, minPoolSize -> 1, numHelperThreads -> 3, preferredTestQuery -> null, privilegeSpawnedThreads -> false, properties -> {user=******, password=******}, propertyCycle -> 0, statementCacheNumDeferredCloseThreads -> 0, testConnectionOnCheckin -> false, testConnectionOnCheckout -> false, unreturnedConnectionTimeout -> 0, userOverrides -> {}, usesTraditionalReflectiveProxies -> false ]
[2015-11-12 19:20:33][INFO][ShoebillImpl] Could not find shoebill\log4j.xml file. The default configuration will be used.
[2015-11-12 19:20:33][INFO][ShoebillImpl] Shoebill Runtime 1.1-SNAPSHOT (for SA-MP 0.3.7)
[2015-11-12 19:20:33][INFO][ShoebillImpl] Build date: 2015-07-23 20:04:59 MESZ (+0200)
[2015-11-12 19:20:33][INFO][ShoebillImpl] System environment: Windows 8 (x86, 6.2)
[2015-11-12 19:20:33][INFO][ShoebillImpl] JVM: Java HotSpot(TM) Server VM 25.5-b02
[2015-11-12 19:20:33][INFO][ShoebillImpl] Java: Java Platform API Specification 1.8
[2015-11-12 19:20:34][INFO][ResourceManagerImpl] Load gamemode: LTRP
[2015-11-12 19:20:34][INFO][MLog] MLog clients using slf4j logging.
[2015-11-12 19:20:34][INFO][C3P0Registry] Initializing c3p0-0.9.5.1 [built 16-June-2015 00:06:36 -0700; debug? true; trace: 10]
[2015-11-12 19:20:34][INFO][out] JDBCDAO initialized
[2015-11-12 19:20:34][INFO][out] Pawn functions added
[2015-11-12 19:20:34][INFO][out] PawnCallbacks :: constructor
[2015-11-12 19:24:17][INFO][ShoebillImpl] Could not find shoebill\log4j.xml file. The default configuration will be used.
[2015-11-12 19:24:17][INFO][ShoebillImpl] Shoebill Runtime 1.1-SNAPSHOT (for SA-MP 0.3.7)
[2015-11-12 19:24:17][INFO][ShoebillImpl] Build date: 2015-07-23 20:04:59 MESZ (+0200)
[2015-11-12 19:24:17][INFO][ShoebillImpl] System environment: Windows 8 (x86, 6.2)
[2015-11-12 19:24:17][INFO][ShoebillImpl] JVM: Java HotSpot(TM) Server VM 25.5-b02
[2015-11-12 19:24:17][INFO][ShoebillImpl] Java: Java Platform API Specification 1.8
[2015-11-12 19:24:18][INFO][ResourceManagerImpl] Load gamemode: LTRP
[2015-11-12 19:24:18][INFO][MLog] MLog clients using slf4j logging.
[2015-11-12 19:24:18][INFO][C3P0Registry] Initializing c3p0-0.9.5.1 [built 16-June-2015 00:06:36 -0700; debug? true; trace: 10]
[2015-11-12 19:24:18][INFO][out] JDBCDAO initialized
[2015-11-12 19:24:18][INFO][out] Pawn functions added
[2015-11-12 19:24:18][INFO][out] PawnCallbacks :: constructor
[2015-11-12 19:26:44][INFO][ShoebillImpl] Could not find shoebill\log4j.xml file. The default configuration will be used.
[2015-11-12 19:26:44][INFO][ShoebillImpl] Shoebill Runtime 1.1-SNAPSHOT (for SA-MP 0.3.7)
[2015-11-12 19:26:44][INFO][ShoebillImpl] Build date: 2015-07-23 20:04:59 MESZ (+0200)
[2015-11-12 19:26:44][INFO][ShoebillImpl] System environment: Windows 8 (x86, 6.2)
[2015-11-12 19:26:44][INFO][ShoebillImpl] JVM: Java HotSpot(TM) Server VM 25.5-b02
[2015-11-12 19:26:44][INFO][ShoebillImpl] Java: Java Platform API Specification 1.8
[2015-11-12 19:26:45][INFO][ResourceManagerImpl] Load gamemode: LTRP
[2015-11-12 19:26:45][INFO][MLog] MLog clients using slf4j logging.
[2015-11-12 19:26:45][INFO][C3P0Registry] Initializing c3p0-0.9.5.1 [built 16-June-2015 00:06:36 -0700; debug? true; trace: 10]
[2015-11-12 19:26:45][INFO][out] JDBCDAO initialized
[2015-11-12 19:26:45][INFO][out] Pawn functions added
[2015-11-12 19:26:45][INFO][out] PawnCallbacks :: constructor
[2015-11-12 19:28:08][INFO][ShoebillImpl] Could not find shoebill\log4j.xml file. The default configuration will be used.
[2015-11-12 19:28:08][INFO][ShoebillImpl] Shoebill Runtime 1.1-SNAPSHOT (for SA-MP 0.3.7)
[2015-11-12 19:28:08][INFO][ShoebillImpl] Build date: 2015-07-23 20:04:59 MESZ (+0200)
[2015-11-12 19:28:08][INFO][ShoebillImpl] System environment: Windows 8 (x86, 6.2)
[2015-11-12 19:28:08][INFO][ShoebillImpl] JVM: Java HotSpot(TM) Server VM 25.5-b02
[2015-11-12 19:28:08][INFO][ShoebillImpl] Java: Java Platform API Specification 1.8
[2015-11-12 19:28:08][INFO][ResourceManagerImpl] Load gamemode: LTRP
[2015-11-12 19:28:08][INFO][MLog] MLog clients using slf4j logging.
[2015-11-12 19:28:08][INFO][C3P0Registry] Initializing c3p0-0.9.5.1 [built 16-June-2015 00:06:36 -0700; debug? true; trace: 10]
[2015-11-12 19:28:08][INFO][out] JDBCDAO initialized
[2015-11-12 19:28:08][INFO][out] Pawn functions added
[2015-11-12 19:28:08][INFO][out] PawnCallbacks :: constructor
[2015-11-12 19:29:07][INFO][ShoebillImpl] Could not find shoebill\log4j.xml file. The default configuration will be used.
[2015-11-12 19:29:07][INFO][ShoebillImpl] Shoebill Runtime 1.1-SNAPSHOT (for SA-MP 0.3.7)
[2015-11-12 19:29:07][INFO][ShoebillImpl] Build date: 2015-07-23 20:04:59 MESZ (+0200)
[2015-11-12 19:29:07][INFO][ShoebillImpl] System environment: Windows 8 (x86, 6.2)
[2015-11-12 19:29:07][INFO][ShoebillImpl] JVM: Java HotSpot(TM) Server VM 25.5-b02
[2015-11-12 19:29:07][INFO][ShoebillImpl] Java: Java Platform API Specification 1.8
[2015-11-12 19:29:07][INFO][ResourceManagerImpl] Load gamemode: LTRP
[2015-11-12 19:29:07][INFO][MLog] MLog clients using slf4j logging.
[2015-11-12 19:29:07][INFO][C3P0Registry] Initializing c3p0-0.9.5.1 [built 16-June-2015 00:06:36 -0700; debug? true; trace: 10]
[2015-11-12 19:29:07][INFO][out] JDBCDAO initialized
[2015-11-12 19:29:07][INFO][out] Pawn functions added
[2015-11-12 19:29:07][INFO][out] PawnCallbacks :: constructor
[2015-11-12 19:29:07][INFO][out] NULL?false
[2015-11-12 19:30:28][INFO][ShoebillImpl] Could not find shoebill\log4j.xml file. The default configuration will be used.
[2015-11-12 19:30:28][INFO][ShoebillImpl] Shoebill Runtime 1.1-SNAPSHOT (for SA-MP 0.3.7)
[2015-11-12 19:30:28][INFO][ShoebillImpl] Build date: 2015-07-23 20:04:59 MESZ (+0200)
[2015-11-12 19:30:28][INFO][ShoebillImpl] System environment: Windows 8 (x86, 6.2)
[2015-11-12 19:30:28][INFO][ShoebillImpl] JVM: Java HotSpot(TM) Server VM 25.5-b02
[2015-11-12 19:30:28][INFO][ShoebillImpl] Java: Java Platform API Specification 1.8
[2015-11-12 19:30:28][INFO][ResourceManagerImpl] Load gamemode: LTRP
[2015-11-12 19:30:28][INFO][MLog] MLog clients using slf4j logging.
[2015-11-12 19:30:28][INFO][C3P0Registry] Initializing c3p0-0.9.5.1 [built 16-June-2015 00:06:36 -0700; debug? true; trace: 10]
[2015-11-12 19:30:28][INFO][out] JDBCDAO initialized
[2015-11-12 19:30:28][INFO][out] Pawn functions added
[2015-11-12 19:30:28][INFO][out] PawnCallbacks :: constructor
[2015-11-12 19:30:28][INFO][out] NULL?false
[2015-11-12 19:35:49][INFO][ShoebillImpl] Could not find shoebill\log4j.xml file. The default configuration will be used.
[2015-11-12 19:35:49][INFO][ShoebillImpl] Shoebill Runtime 1.1-SNAPSHOT (for SA-MP 0.3.7)
[2015-11-12 19:35:49][INFO][ShoebillImpl] Build date: 2015-07-23 20:04:59 MESZ (+0200)
[2015-11-12 19:35:49][INFO][ShoebillImpl] System environment: Windows 8 (x86, 6.2)
[2015-11-12 19:35:49][INFO][ShoebillImpl] JVM: Java HotSpot(TM) Server VM 25.5-b02
[2015-11-12 19:35:49][INFO][ShoebillImpl] Java: Java Platform API Specification 1.8
[2015-11-12 19:35:50][INFO][ResourceManagerImpl] Load gamemode: LTRP
[2015-11-12 19:35:50][INFO][MLog] MLog clients using slf4j logging.
[2015-11-12 19:35:50][INFO][C3P0Registry] Initializing c3p0-0.9.5.1 [built 16-June-2015 00:06:36 -0700; debug? true; trace: 10]
[2015-11-12 19:35:50][INFO][out] JDBCDAO initialized
[2015-11-12 19:35:50][INFO][out] Pawn functions added
[2015-11-12 19:35:50][INFO][out] PawnCallbacks :: constructor
[2015-11-12 19:35:50][INFO][out] NULL?false
[2015-11-12 19:55:37][INFO][ShoebillImpl] Could not find shoebill\log4j.xml file. The default configuration will be used.
[2015-11-12 19:55:37][INFO][ShoebillImpl] Shoebill Runtime 1.1-SNAPSHOT (for SA-MP 0.3.7)
[2015-11-12 19:55:37][INFO][ShoebillImpl] Build date: 2015-07-23 20:04:59 MESZ (+0200)
[2015-11-12 19:55:37][INFO][ShoebillImpl] System environment: Windows 8 (x86, 6.2)
[2015-11-12 19:55:37][INFO][ShoebillImpl] JVM: Java HotSpot(TM) Server VM 25.5-b02
[2015-11-12 19:55:37][INFO][ShoebillImpl] Java: Java Platform API Specification 1.8
[2015-11-12 19:55:37][INFO][ResourceManagerImpl] Load gamemode: LTRP
[2015-11-12 19:55:37][INFO][MLog] MLog clients using slf4j logging.
[2015-11-12 19:55:37][INFO][C3P0Registry] Initializing c3p0-0.9.5.1 [built 16-June-2015 00:06:36 -0700; debug? true; trace: 10]
[2015-11-12 19:55:38][INFO][out] JDBCDAO initialized
[2015-11-12 19:55:38][INFO][out] Pawn functions added
[2015-11-12 19:55:38][INFO][out] PawnCallbacks :: constructor
[2015-11-12 19:55:38][INFO][out] NULL?false
[2015-11-12 19:56:23][INFO][ShoebillImpl] Could not find shoebill\log4j.xml file. The default configuration will be used.
[2015-11-12 19:56:23][INFO][ShoebillImpl] Shoebill Runtime 1.1-SNAPSHOT (for SA-MP 0.3.7)
[2015-11-12 19:56:23][INFO][ShoebillImpl] Build date: 2015-07-23 20:04:59 MESZ (+0200)
[2015-11-12 19:56:23][INFO][ShoebillImpl] System environment: Windows 8 (x86, 6.2)
[2015-11-12 19:56:23][INFO][ShoebillImpl] JVM: Java HotSpot(TM) Server VM 25.5-b02
[2015-11-12 19:56:23][INFO][ShoebillImpl] Java: Java Platform API Specification 1.8
[2015-11-12 19:56:23][INFO][ResourceManagerImpl] Load gamemode: LTRP
[2015-11-12 19:56:23][INFO][MLog] MLog clients using slf4j logging.
[2015-11-12 19:56:23][INFO][C3P0Registry] Initializing c3p0-0.9.5.1 [built 16-June-2015 00:06:36 -0700; debug? true; trace: 10]
[2015-11-12 19:56:24][INFO][out] JDBCDAO initialized
[2015-11-12 19:56:24][INFO][out] Pawn functions added
[2015-11-12 19:56:24][INFO][out] PawnCallbacks :: constructor
[2015-11-12 19:56:24][INFO][out] NULL?false
[2015-11-12 19:57:15][INFO][ShoebillImpl] Could not find shoebill\log4j.xml file. The default configuration will be used.
[2015-11-12 19:57:15][INFO][ShoebillImpl] Shoebill Runtime 1.1-SNAPSHOT (for SA-MP 0.3.7)
[2015-11-12 19:57:15][INFO][ShoebillImpl] Build date: 2015-07-23 20:04:59 MESZ (+0200)
[2015-11-12 19:57:15][INFO][ShoebillImpl] System environment: Windows 8 (x86, 6.2)
[2015-11-12 19:57:15][INFO][ShoebillImpl] JVM: Java HotSpot(TM) Server VM 25.5-b02
[2015-11-12 19:57:15][INFO][ShoebillImpl] Java: Java Platform API Specification 1.8
[2015-11-12 19:57:15][INFO][ResourceManagerImpl] Load gamemode: LTRP
[2015-11-12 19:57:15][INFO][MLog] MLog clients using slf4j logging.
[2015-11-12 19:57:15][INFO][C3P0Registry] Initializing c3p0-0.9.5.1 [built 16-June-2015 00:06:36 -0700; debug? true; trace: 10]
[2015-11-12 19:57:15][INFO][out] JDBCDAO initialized
[2015-11-12 19:57:15][INFO][out] Pawn functions added
[2015-11-12 19:57:15][INFO][out] PawnCallbacks :: constructor
[2015-11-12 19:57:15][INFO][out] NULL?false
